08:24:16.990 [com.concurrente.restauran] DEBUG Logger               - Configured Logger
08:24:17.050 [com.concurrente.restauran] DEBUG GameApplication      - Logging settings
Title: Simulador de Restaurante
Version: 1.0
Width: 800
Height: 600
Fullscreen: false
Intro: false
Profiling: false
Single step:false
App Mode: DEVELOPER
Menu Key: ESCAPE
Stage Style: DECORATED
Scene Factory: class com.almasb.fxgl.app.scene.SceneFactory

08:24:17.598 [JavaFX Application Thread] DEBUG FXGLApplication      - Initializing FXGL
08:24:17.608 [JavaFX Application Thread] INFO  Engine               - FXGL-17 (31.12.2021 18.16) on LINUX (J:21.0.5 FX:17.0.0.1)
08:24:17.609 [JavaFX Application Thread] DEBUG Engine               - JRE Vendor Name: Red Hat, Inc.
08:24:17.610 [JavaFX Application Thread] DEBUG Engine               - Running on OS: Linux version 6.11.8-200.fc40.x86_64
08:24:17.610 [JavaFX Application Thread] DEBUG Engine               - Architecture: amd64
08:24:17.611 [JavaFX Application Thread] INFO  Engine               - Source code and latest versions at: https://github.com/AlmasB/FXGL
08:24:17.611 [JavaFX Application Thread] INFO  Engine               -       Ask questions and discuss at: https://github.com/AlmasB/FXGL/discussions
08:24:17.611 [JavaFX Application Thread] INFO  Engine               -              Join the FXGL chat at: https://gitter.im/AlmasB/FXGL
08:24:17.948 [JavaFX Application Thread] DEBUG PrimaryStageWindow   - Creating a JavaFX scene
08:24:18.206 [JavaFX Application Thread] DEBUG PrimaryStageWindow   - Target settings size: 800.0 x 600.0
08:24:18.206 [JavaFX Application Thread] DEBUG PrimaryStageWindow   - Scaled scene size:    800.0 x 600.0
08:24:18.207 [JavaFX Application Thread] DEBUG PrimaryStageWindow   - Scaled ratio: (1.0, 1.0)
08:24:18.210 [JavaFX Application Thread] DEBUG PrimaryStageWindow   - Set initial scene to FXGLStartupScene
08:24:18.235 [JavaFX Application Thread] DEBUG PrimaryStageWindow   - Opening main window
08:24:18.454 [JavaFX Application Thread] DEBUG PrimaryStageWindow   - Window border size: (8.0, 38.0)
08:24:18.454 [JavaFX Application Thread] DEBUG PrimaryStageWindow   - Scaled size: 800.0 x 600.0
08:24:18.455 [JavaFX Application Thread] DEBUG PrimaryStageWindow   - Scaled ratio: (1.0, 1.0)
08:24:18.456 [JavaFX Application Thread] DEBUG PrimaryStageWindow   - Scene size: 800.0 x 600.0
08:24:18.456 [JavaFX Application Thread] DEBUG PrimaryStageWindow   - Stage size: 808.0 x 638.0
08:24:18.475 [FXGL Background Thread 1 ] DEBUG Engine               - Initializing environment variables
08:24:18.598 [FXGL Background Thread 1 ] DEBUG FXGLAssetLoaderServi - User app class for loading assets: class com.concurrente.restaurant.RestaurantApp
08:24:18.600 [FXGL Background Thread 1 ] DEBUG GameApplicationServi - Applying CSS: fxgl_dark.css
08:24:18.602 [FXGL Background Thread 1 ] DEBUG FXGLAssetLoaderServi - Loading from file system: jar:file:/home/diego/.m2/repository/com/github/almasb/fxgl/17/fxgl-17.jar!/fxglassets/ui/css/fxgl_dark.css
08:24:18.782 [FXGL Background Thread 1 ] DEBUG GameApplicationServi - Initializing application scenes
08:24:18.928 [FXGL Background Thread 1 ] DEBUG GameWorld            - Game world initialized
08:24:19.233 [FXGL Background Thread 1 ] DEBUG PhysicsWorld         - Physics world initialized: appHeight=600, physics.ppm=50.0
08:24:19.234 [FXGL Background Thread 1 ] DEBUG PhysicsWorld         - Using strategy: BRUTE_FORCE
08:24:19.252 [FXGL Background Thread 1 ] DEBUG GameScene            - Game scene initialized: 800x600
08:24:19.298 [FXGL Background Thread 1 ] DEBUG FXGL.DefaultMenu     - createMenuBodyGameMenu()
08:24:19.349 [FXGL Background Thread 1 ] DEBUG FXGL.DefaultMenu     - createOptionsMenu()
08:24:19.384 [FXGL Background Thread 1 ] DEBUG FXGLAssetLoaderServi - Loading from file system: jar:file:/home/diego/.m2/repository/com/github/almasb/fxgl/17/fxgl-17.jar!/fxglassets/textures/particles/smoke.png
08:24:19.774 [FXGL Background Thread 1 ] DEBUG FXGLAssetLoaderServi - Loading from file system: jar:file:/home/diego/.m2/repository/com/github/almasb/fxgl/17/fxgl-17.jar!/fxglassets/textures/particles/trace_horizontal.png
08:24:19.867 [FXGL Background Thread 1 ] DEBUG GameApplicationServi - Application scenes initialized
08:24:19.930 [FXGL Background Thread 1 ] DEBUG SystemBundleService  - Loading default FXGL system data
08:24:19.931 [FXGL Background Thread 1 ] DEBUG UpdaterService       - Checking for updates
08:24:19.944 [FXGL Background Thread 4 ] DEBUG FXGLApplication      - Loading fonts
08:24:19.945 [FXGL Background Thread 4 ] DEBUG FXGLAssetLoaderServi - Loading from file system: jar:file:/home/diego/.m2/repository/com/github/almasb/fxgl/17/fxgl-17.jar!/fxglassets/ui/fonts/VarelaRound-Regular.ttf
08:24:19.946 [FXGL Background Thread 1 ] DEBUG FXGLApplication      - Loading default localization
08:24:19.947 [FXGL Background Thread 1 ] DEBUG FXGLAssetLoaderServi - Loading from file system: jar:file:/home/diego/.m2/repository/com/github/almasb/fxgl/17/fxgl-17.jar!/fxglassets/languages/english.lang
08:24:19.970 [FXGL Background Thread 4 ] DEBUG FXGLAssetLoaderServi - Loading from file system: jar:file:/home/diego/.m2/repository/com/github/almasb/fxgl/17/fxgl-17.jar!/fxglassets/ui/fonts/Abel-Regular.ttf
08:24:19.974 [FXGL Background Thread 4 ] DEBUG FXGLAssetLoaderServi - Loading from file system: jar:file:/home/diego/.m2/repository/com/github/almasb/fxgl/17/fxgl-17.jar!/fxglassets/ui/fonts/TerminalLandMono-Regular.otf
08:24:19.978 [FXGL Background Thread 4 ] DEBUG FXGLAssetLoaderServi - Loading from file system: jar:file:/home/diego/.m2/repository/com/github/almasb/fxgl/17/fxgl-17.jar!/fxglassets/ui/fonts/Courier-Prime.ttf
08:24:19.986 [JavaFX Application Thread] DEBUG FXGLApplication      - Registering font factories with UI factory
08:24:19.993 [FXGL Background Thread 1 ] INFO  FXGLApplication      - FXGL initialization took: 1.517 sec
08:24:19.996 [JavaFX Application Thread] DEBUG FXGLAssetLoaderServi - Loading from file system: jar:file:/home/diego/.m2/repository/com/github/almasb/fxgl/17/fxgl-17.jar!/fxglassets/textures/fxgl_icon.png
08:24:20.084 [JavaFX Application Thread] DEBUG FXGLAssetLoaderServi - Loading from file system: jar:file:/home/diego/.m2/repository/com/github/almasb/fxgl/17/fxgl-17.jar!/fxglassets/textures/fxgl_default_cursor.png
08:24:20.113 [JavaFX Application Thread] DEBUG Input                - Registered new binding: Screenshot - CTRL+8
08:24:20.115 [JavaFX Application Thread] DEBUG Input                - Registered new binding: System info dump - CTRL+9
08:24:20.116 [JavaFX Application Thread] DEBUG Input                - Registered new binding: Restart - CTRL+R
08:24:20.119 [JavaFX Application Thread] DEBUG Input                - Registered new binding: Toggle Debug Camera - CTRL+7
08:24:20.124 [JavaFX Application Thread] DEBUG LoopRunner           - Starting loop
08:24:20.125 [JavaFX Application Thread] DEBUG LoopRunner           - Initializing JavaFX AnimationTimerLoop
08:24:20.127 [JavaFX Application Thread] DEBUG GameApplicationServi - Starting new game
08:24:20.129 [JavaFX Application Thread] DEBUG Input                - Clearing active input actions
08:24:20.163 [JavaFX Application Thread] DEBUG GameApplicationServi - Removing overlay from FXGLStartupScene and adding to FXGLLoadingScene
08:24:20.165 [JavaFX Application Thread] DEBUG PrimaryStageWindow   - FXGLStartupScene -> FXGLLoadingScene
08:24:20.165 [JavaFX Application Thread] DEBUG GameApplicationServi - Clearing previous game
08:24:20.166 [JavaFX Application Thread] DEBUG GameScene            - Clearing game scene
08:24:20.166 [JavaFX Application Thread] DEBUG GameWorld            - Clearing game world
08:24:20.166 [JavaFX Application Thread] DEBUG PhysicsWorld         - Clearing physics world
08:24:20.171 [FXGL Background Thread 1 ] DEBUG FXGLApplication      - Initializing game
08:24:20.208 [FXGL Background Thread 1 ] WARN  FXGLAssetLoaderServi - Asset "/assets/textures/mesa.png" was not found!
08:24:20.209 [FXGL Background Thread 1 ] WARN  FXGLAssetLoaderServi - Failed to load IMAGE
08:24:20.549 [FXGL Background Thread 1 ] WARN  FXGLAssetLoaderServi - Asset "/assets/textures/mesa.png" was not found!
08:24:20.555 [FXGL Background Thread 1 ] WARN  FXGLAssetLoaderServi - Failed to load IMAGE
08:24:20.563 [FXGL Background Thread 1 ] WARN  FXGLAssetLoaderServi - Asset "/assets/textures/mesa.png" was not found!
08:24:20.563 [FXGL Background Thread 1 ] WARN  FXGLAssetLoaderServi - Failed to load IMAGE
08:24:20.566 [FXGL Background Thread 1 ] WARN  FXGLAssetLoaderServi - Asset "/assets/textures/mesa.png" was not found!
08:24:20.567 [FXGL Background Thread 1 ] WARN  FXGLAssetLoaderServi - Failed to load IMAGE
08:24:20.570 [FXGL Background Thread 1 ] WARN  FXGLAssetLoaderServi - Asset "/assets/textures/mesa.png" was not found!
08:24:20.571 [FXGL Background Thread 1 ] WARN  FXGLAssetLoaderServi - Failed to load IMAGE
08:24:20.594 [FXGL Background Thread 1 ] INFO  FXGLApplication      - Game initialization took: 0.421 sec
08:24:20.617 [JavaFX Application Thread] DEBUG Input                - Clearing active input actions
08:24:20.711 [JavaFX Application Thread] DEBUG GameApplicationServi - Removing overlay from FXGLLoadingScene and adding to GameScene
08:24:20.712 [JavaFX Application Thread] DEBUG PrimaryStageWindow   - FXGLLoadingScene -> GameScene
08:24:21.588 [Thread-5                 ] WARN  FXGLAssetLoaderServi - Asset "/assets/textures/comensal_cola.png" was not found!
08:24:21.589 [Thread-5                 ] WARN  FXGLAssetLoaderServi - Failed to load IMAGE
08:24:21.913 [FXGL Background Thread 2 ] INFO  UpdaterService       - Your current version:  17
08:24:21.917 [FXGL Background Thread 2 ] INFO  UpdaterService       - Latest stable version: 21.1
08:24:22.940 [FXGL Background Thread 3 ] DEBUG Engine               - Logging environment variables
08:24:22.942 [FXGL Background Thread 3 ] DEBUG Engine               - achievements: []
08:24:22.943 [FXGL Background Thread 3 ] DEBUG Engine               - actualHeight: 600.0
08:24:22.944 [FXGL Background Thread 3 ] DEBUG Engine               - actualHeightProperty: ReadOnlyDoubleProperty [value: 595.0]
08:24:22.944 [FXGL Background Thread 3 ] DEBUG Engine               - actualWidth: 800.0
08:24:22.944 [FXGL Background Thread 3 ] DEBUG Engine               - actualWidthProperty: ReadOnlyDoubleProperty [value: 800.0]
08:24:22.945 [FXGL Background Thread 3 ] DEBUG Engine               - appIcon: fxgl_icon.png
08:24:22.945 [FXGL Background Thread 3 ] DEBUG Engine               - applicationMode: DEVELOPER
08:24:22.945 [FXGL Background Thread 3 ] DEBUG Engine               - cSSList: [fxgl_dark.css]
08:24:22.946 [FXGL Background Thread 3 ] DEBUG Engine               - collisionDetectionStrategy: BRUTE_FORCE
08:24:22.946 [FXGL Background Thread 3 ] DEBUG Engine               - configClass: Optional.empty
08:24:22.947 [FXGL Background Thread 3 ] DEBUG Engine               - credits: []
08:24:22.948 [FXGL Background Thread 3 ] DEBUG Engine               - defaultCursor: CursorInfo(imageName=fxgl_default_cursor.png, hotspotX=7.0, hotspotY=6.0)
08:24:22.950 [FXGL Background Thread 3 ] DEBUG Engine               - devBBoxColorProperty: ObjectProperty [value: 0xff0000ff]
08:24:22.951 [FXGL Background Thread 3 ] DEBUG Engine               - devEnableDebugCameraProperty: BooleanProperty [value: false]
08:24:22.951 [FXGL Background Thread 3 ] DEBUG Engine               - devSensorColorProperty: ObjectProperty [value: 0xffff00ff]
08:24:22.952 [FXGL Background Thread 3 ] DEBUG Engine               - devShowBBoxProperty: BooleanProperty [value: false]
08:24:22.952 [FXGL Background Thread 3 ] DEBUG Engine               - devShowPositionProperty: BooleanProperty [value: false]
08:24:22.953 [FXGL Background Thread 3 ] DEBUG Engine               - enabledMenuItems: []
08:24:22.953 [FXGL Background Thread 3 ] DEBUG Engine               - engineServices: [class com.almasb.fxgl.app.services.FXGLAssetLoaderService, class com.almasb.fxgl.app.FXGLApplication$GameApplicationService, class com.almasb.fxgl.app.services.FXGLDialogService, class com.almasb.fxgl.app.services.IOTaskExecutorService, class com.almasb.fxgl.io.FileSystemService, class com.almasb.fxgl.localization.LocalizationService, class com.almasb.fxgl.app.services.SystemBundleService, class com.almasb.fxgl.profile.SaveLoadService, class com.almasb.fxgl.ui.FXGLUIFactoryServiceProvider, class com.almasb.fxgl.ui.FXGLDialogFactoryServiceProvider, class com.almasb.fxgl.audio.AudioPlayer, class com.almasb.fxgl.notification.impl.NotificationServiceProvider, class com.almasb.fxgl.achievement.AchievementService, class com.almasb.fxgl.cutscene.CutsceneService, class com.almasb.fxgl.minigames.MiniGameService, class com.almasb.fxgl.net.NetService, class com.almasb.fxgl.app.services.UpdaterService, class com.almasb.fxgl.dev.DevService]
08:24:22.954 [FXGL Background Thread 3 ] DEBUG Engine               - fontGame: Abel-Regular.ttf
08:24:22.954 [FXGL Background Thread 3 ] DEBUG Engine               - fontMono: TerminalLandMono-Regular.otf
08:24:22.954 [FXGL Background Thread 3 ] DEBUG Engine               - fontText: Courier-Prime.ttf
08:24:22.954 [FXGL Background Thread 3 ] DEBUG Engine               - fontUI: VarelaRound-Regular.ttf
08:24:22.955 [FXGL Background Thread 3 ] DEBUG Engine               - fullScreen: BooleanProperty [value: false]
08:24:22.955 [FXGL Background Thread 3 ] DEBUG Engine               - gameDifficulty: MEDIUM
08:24:22.956 [FXGL Background Thread 3 ] DEBUG Engine               - gameDifficultyProperty: ObjectProperty [value: MEDIUM]
08:24:22.956 [FXGL Background Thread 3 ] DEBUG Engine               - globalMusicVolume: 0.5
08:24:22.956 [FXGL Background Thread 3 ] DEBUG Engine               - globalMusicVolumeProperty: DoubleProperty [value: 0.5]
08:24:22.957 [FXGL Background Thread 3 ] DEBUG Engine               - globalSoundVolume: 0.5
08:24:22.957 [FXGL Background Thread 3 ] DEBUG Engine               - globalSoundVolumeProperty: DoubleProperty [value: 0.5]
08:24:22.958 [FXGL Background Thread 3 ] DEBUG Engine               - height: 600
08:24:22.958 [FXGL Background Thread 3 ] DEBUG Engine               - is3D: false
08:24:22.959 [FXGL Background Thread 3 ] DEBUG Engine               - isAndroid: false
08:24:22.959 [FXGL Background Thread 3 ] DEBUG Engine               - isBrowser: false
08:24:22.959 [FXGL Background Thread 3 ] DEBUG Engine               - isClickFeedbackEnabled: false
08:24:22.960 [FXGL Background Thread 3 ] DEBUG Engine               - isCloseConfirmation: false
08:24:22.960 [FXGL Background Thread 3 ] DEBUG Engine               - isDesktop: true
08:24:22.961 [FXGL Background Thread 3 ] DEBUG Engine               - isDeveloperMenuEnabled: false
08:24:22.961 [FXGL Background Thread 3 ] DEBUG Engine               - isEmbedded: false
08:24:22.961 [FXGL Background Thread 3 ] DEBUG Engine               - isEntityPreloadEnabled: true
08:24:22.962 [FXGL Background Thread 3 ] DEBUG Engine               - isExperimentalTiledLargeMap: false
08:24:22.962 [FXGL Background Thread 3 ] DEBUG Engine               - isFileSystemWriteAllowed: true
08:24:22.962 [FXGL Background Thread 3 ] DEBUG Engine               - isFullScreenAllowed: false
08:24:22.962 [FXGL Background Thread 3 ] DEBUG Engine               - isFullScreenFromStart: false
08:24:22.963 [FXGL Background Thread 3 ] DEBUG Engine               - isGameMenuEnabled: true
08:24:22.963 [FXGL Background Thread 3 ] DEBUG Engine               - isIOS: false
08:24:22.964 [FXGL Background Thread 3 ] DEBUG Engine               - isIntroEnabled: false
08:24:22.964 [FXGL Background Thread 3 ] DEBUG Engine               - isLinux: true
08:24:22.964 [FXGL Background Thread 3 ] DEBUG Engine               - isMac: false
08:24:22.965 [FXGL Background Thread 3 ] DEBUG Engine               - isMainMenuEnabled: false
08:24:22.965 [FXGL Background Thread 3 ] DEBUG Engine               - isManualResizeEnabled: false
08:24:22.965 [FXGL Background Thread 3 ] DEBUG Engine               - isMobile: false
08:24:22.966 [FXGL Background Thread 3 ] DEBUG Engine               - isNative: false
08:24:22.966 [FXGL Background Thread 3 ] DEBUG Engine               - isPauseMusicWhenMinimized: true
08:24:22.966 [FXGL Background Thread 3 ] DEBUG Engine               - isPreserveResizeRatio: false
08:24:22.967 [FXGL Background Thread 3 ] DEBUG Engine               - isProfilingEnabled: false
08:24:22.967 [FXGL Background Thread 3 ] DEBUG Engine               - isScaleAffectedOnResize: true
08:24:22.967 [FXGL Background Thread 3 ] DEBUG Engine               - isSingleStep: false
08:24:22.968 [FXGL Background Thread 3 ] DEBUG Engine               - isUserProfileEnabled: false
08:24:22.968 [FXGL Background Thread 3 ] DEBUG Engine               - isWindows: false
08:24:22.968 [FXGL Background Thread 3 ] DEBUG Engine               - language: ObjectProperty [value: ENGLISH]
08:24:22.969 [FXGL Background Thread 3 ] DEBUG Engine               - menuKey: ESCAPE
08:24:22.969 [FXGL Background Thread 3 ] DEBUG Engine               - mouseSensitivity: 0.2
08:24:22.970 [FXGL Background Thread 3 ] DEBUG Engine               - notificationViewClass: class com.almasb.fxgl.notification.view.XboxNotificationView
08:24:22.970 [FXGL Background Thread 3 ] DEBUG Engine               - pixelsPerMeter: 50.0
08:24:22.970 [FXGL Background Thread 3 ] DEBUG Engine               - platform: LINUX
08:24:22.971 [FXGL Background Thread 3 ] DEBUG Engine               - prefHeightProperty: ReadOnlyDoubleProperty [value: 600.0]
08:24:22.971 [FXGL Background Thread 3 ] DEBUG Engine               - prefWidthProperty: ReadOnlyDoubleProperty [value: 800.0]
08:24:22.971 [FXGL Background Thread 3 ] DEBUG Engine               - profileDir: profiles/
08:24:22.972 [FXGL Background Thread 3 ] DEBUG Engine               - profileName: StringProperty [value: DEFAULT]
08:24:22.972 [FXGL Background Thread 3 ] DEBUG Engine               - randomSeed: -1
08:24:22.974 [FXGL Background Thread 3 ] DEBUG Engine               - runtimeInfo: RuntimeInfo(platform=LINUX, version=17, build=31.12.2021 18.16)
08:24:22.974 [FXGL Background Thread 3 ] DEBUG Engine               - saveFileExt: sav
08:24:22.975 [FXGL Background Thread 3 ] DEBUG Engine               - scaledHeightProp$fxgl: DoubleProperty [bound, value: 595.0]
08:24:22.975 [FXGL Background Thread 3 ] DEBUG Engine               - scaledWidthProp$fxgl: DoubleProperty [bound, value: 800.0]
08:24:22.976 [FXGL Background Thread 3 ] DEBUG Engine               - sceneFactory: com.almasb.fxgl.app.scene.SceneFactory@10eed418
08:24:22.976 [FXGL Background Thread 3 ] DEBUG Engine               - secondsIn24h: 60
08:24:22.977 [FXGL Background Thread 3 ] DEBUG Engine               - soundMenuBack: menu/back.wav
08:24:22.977 [FXGL Background Thread 3 ] DEBUG Engine               - soundMenuPress: menu/press.wav
08:24:22.977 [FXGL Background Thread 3 ] DEBUG Engine               - soundMenuSelect: menu/select.wav
08:24:22.978 [FXGL Background Thread 3 ] DEBUG Engine               - soundNotification: core/notification.wav
08:24:22.978 [FXGL Background Thread 3 ] DEBUG Engine               - stageStyle: DECORATED
08:24:22.979 [FXGL Background Thread 3 ] DEBUG Engine               - supportedLanguages: [ENGLISH, FRENCH, GERMAN, HUNGARIAN, RUSSIAN]
08:24:22.979 [FXGL Background Thread 3 ] DEBUG Engine               - ticksPerSecond: -1
08:24:22.979 [FXGL Background Thread 3 ] DEBUG Engine               - title: Simulador de Restaurante
08:24:22.980 [FXGL Background Thread 3 ] DEBUG Engine               - urlGithub: https://github.com/AlmasB/FXGL
08:24:22.980 [FXGL Background Thread 3 ] DEBUG Engine               - urlLeaderboard: http://fxgl-top.herokuapp.com/
08:24:22.980 [FXGL Background Thread 3 ] DEBUG Engine               - urlPOM: https://raw.githubusercontent.com/AlmasB/FXGL/release/README.md
08:24:22.981 [FXGL Background Thread 3 ] DEBUG Engine               - userAppClass: class com.concurrente.restaurant.RestaurantApp
08:24:22.981 [FXGL Background Thread 3 ] DEBUG Engine               - version: 1.0
08:24:22.981 [FXGL Background Thread 3 ] DEBUG Engine               - versionCheckDays: 7
08:24:22.982 [FXGL Background Thread 3 ] DEBUG Engine               - width: 800
08:24:22.982 [FXGL Background Thread 3 ] DEBUG Engine               - Logging services
08:24:22.982 [FXGL Background Thread 3 ] DEBUG Engine               - class com.almasb.fxgl.app.services.FXGLAssetLoaderService
08:24:22.982 [FXGL Background Thread 3 ] DEBUG Engine               - class com.almasb.fxgl.app.FXGLApplication$GameApplicationService
08:24:22.983 [FXGL Background Thread 3 ] DEBUG Engine               - class com.almasb.fxgl.app.services.FXGLDialogService
08:24:22.983 [FXGL Background Thread 3 ] DEBUG Engine               - class com.almasb.fxgl.app.services.IOTaskExecutorService
08:24:22.983 [FXGL Background Thread 3 ] DEBUG Engine               - class com.almasb.fxgl.io.FileSystemService
08:24:22.983 [FXGL Background Thread 3 ] DEBUG Engine               - class com.almasb.fxgl.localization.LocalizationService
08:24:22.983 [FXGL Background Thread 3 ] DEBUG Engine               - class com.almasb.fxgl.app.services.SystemBundleService
08:24:22.984 [FXGL Background Thread 3 ] DEBUG Engine               - class com.almasb.fxgl.profile.SaveLoadService
08:24:22.984 [FXGL Background Thread 3 ] DEBUG Engine               - class com.almasb.fxgl.ui.FXGLUIFactoryServiceProvider
08:24:22.984 [FXGL Background Thread 3 ] DEBUG Engine               - class com.almasb.fxgl.ui.FXGLDialogFactoryServiceProvider
08:24:22.984 [FXGL Background Thread 3 ] DEBUG Engine               - class com.almasb.fxgl.audio.AudioPlayer
08:24:22.984 [FXGL Background Thread 3 ] DEBUG Engine               - class com.almasb.fxgl.notification.impl.NotificationServiceProvider
08:24:22.985 [FXGL Background Thread 3 ] DEBUG Engine               - class com.almasb.fxgl.achievement.AchievementService
08:24:22.985 [FXGL Background Thread 3 ] DEBUG Engine               - class com.almasb.fxgl.cutscene.CutsceneService
08:24:22.985 [FXGL Background Thread 3 ] DEBUG Engine               - class com.almasb.fxgl.minigames.MiniGameService
08:24:22.985 [FXGL Background Thread 3 ] DEBUG Engine               - class com.almasb.fxgl.net.NetService
08:24:22.985 [FXGL Background Thread 3 ] DEBUG Engine               - class com.almasb.fxgl.app.services.UpdaterService
08:24:22.985 [FXGL Background Thread 3 ] DEBUG Engine               - class com.almasb.fxgl.dev.DevService
08:24:26.701 [JavaFX Application Thread] DEBUG FXGLApplication      - Exiting FXGL
08:24:26.703 [JavaFX Application Thread] DEBUG LoopRunner           - Stopping loop
08:24:26.703 [JavaFX Application Thread] DEBUG SystemBundleService  - Saving FXGL system data
08:24:26.711 [JavaFX Application Thread] DEBUG FileSystemAccess     - Writing to: /home/diego/Documentos/concurrente/Restaurant/cesar/restaurant-concurrente/system/fxgl.bundle
08:24:26.750 [JavaFX Application Thread] DEBUG Async                - Shutting down background threads
08:24:26.751 [JavaFX Application Thread] DEBUG PrimaryStageWindow   - Closing main window
08:24:26.756 [JavaFX Application Thread] DEBUG Logger               - Closing Logger
