10:22:23.818 [com.concurrente.restauran] DEBUG Logger               - Configured Logger
10:22:23.872 [com.concurrente.restauran] DEBUG GameApplication      - Logging settings
Title: Simulador de Restaurante
Version: 1.0
Width: 800
Height: 600
Fullscreen: false
Intro: false
Profiling: false
Single step:false
App Mode: DEVELOPER
Menu Key: ESCAPE
Stage Style: DECORATED
Scene Factory: class com.almasb.fxgl.app.scene.SceneFactory

10:22:24.431 [JavaFX Application Thread] DEBUG FXGLApplication      - Initializing FXGL
10:22:24.442 [JavaFX Application Thread] INFO  Engine               - FXGL-17 (31.12.2021 18.16) on LINUX (J:21.0.5 FX:17.0.0.1)
10:22:24.443 [JavaFX Application Thread] DEBUG Engine               - JRE Vendor Name: Red Hat, Inc.
10:22:24.444 [JavaFX Application Thread] DEBUG Engine               - Running on OS: Linux version 6.11.8-200.fc40.x86_64
10:22:24.444 [JavaFX Application Thread] DEBUG Engine               - Architecture: amd64
10:22:24.445 [JavaFX Application Thread] INFO  Engine               - Source code and latest versions at: https://github.com/AlmasB/FXGL
10:22:24.445 [JavaFX Application Thread] INFO  Engine               -       Ask questions and discuss at: https://github.com/AlmasB/FXGL/discussions
10:22:24.446 [JavaFX Application Thread] INFO  Engine               -              Join the FXGL chat at: https://gitter.im/AlmasB/FXGL
10:22:24.908 [JavaFX Application Thread] DEBUG PrimaryStageWindow   - Creating a JavaFX scene
10:22:25.220 [JavaFX Application Thread] DEBUG PrimaryStageWindow   - Target settings size: 800.0 x 600.0
10:22:25.221 [JavaFX Application Thread] DEBUG PrimaryStageWindow   - Scaled scene size:    800.0 x 600.0
10:22:25.222 [JavaFX Application Thread] DEBUG PrimaryStageWindow   - Scaled ratio: (1.0, 1.0)
10:22:25.226 [JavaFX Application Thread] DEBUG PrimaryStageWindow   - Set initial scene to FXGLStartupScene
10:22:25.257 [JavaFX Application Thread] DEBUG PrimaryStageWindow   - Opening main window
10:22:25.529 [JavaFX Application Thread] DEBUG PrimaryStageWindow   - Window border size: (8.0, 38.0)
10:22:25.530 [JavaFX Application Thread] DEBUG PrimaryStageWindow   - Scaled size: 800.0 x 600.0
10:22:25.531 [JavaFX Application Thread] DEBUG PrimaryStageWindow   - Scaled ratio: (1.0, 1.0)
10:22:25.532 [JavaFX Application Thread] DEBUG PrimaryStageWindow   - Scene size: 800.0 x 600.0
10:22:25.533 [JavaFX Application Thread] DEBUG PrimaryStageWindow   - Stage size: 808.0 x 638.0
10:22:25.565 [FXGL Background Thread 1 ] DEBUG Engine               - Initializing environment variables
10:22:25.702 [FXGL Background Thread 1 ] DEBUG FXGLAssetLoaderServi - User app class for loading assets: class com.concurrente.restaurant.RestaurantApp
10:22:25.704 [FXGL Background Thread 1 ] DEBUG GameApplicationServi - Applying CSS: fxgl_dark.css
10:22:25.706 [FXGL Background Thread 1 ] DEBUG FXGLAssetLoaderServi - Loading from file system: jar:file:/home/diego/.m2/repository/com/github/almasb/fxgl/17/fxgl-17.jar!/fxglassets/ui/css/fxgl_dark.css
10:22:25.851 [FXGL Background Thread 1 ] DEBUG GameApplicationServi - Initializing application scenes
10:22:26.010 [FXGL Background Thread 1 ] DEBUG GameWorld            - Game world initialized
10:22:26.283 [FXGL Background Thread 1 ] DEBUG PhysicsWorld         - Physics world initialized: appHeight=600, physics.ppm=50.0
10:22:26.284 [FXGL Background Thread 1 ] DEBUG PhysicsWorld         - Using strategy: BRUTE_FORCE
10:22:26.305 [FXGL Background Thread 1 ] DEBUG GameScene            - Game scene initialized: 800x600
10:22:26.359 [FXGL Background Thread 1 ] DEBUG FXGL.DefaultMenu     - createMenuBodyGameMenu()
10:22:26.393 [FXGL Background Thread 1 ] DEBUG FXGL.DefaultMenu     - createOptionsMenu()
10:22:26.432 [FXGL Background Thread 1 ] DEBUG FXGLAssetLoaderServi - Loading from file system: jar:file:/home/diego/.m2/repository/com/github/almasb/fxgl/17/fxgl-17.jar!/fxglassets/textures/particles/smoke.png
10:22:26.883 [FXGL Background Thread 1 ] DEBUG FXGLAssetLoaderServi - Loading from file system: jar:file:/home/diego/.m2/repository/com/github/almasb/fxgl/17/fxgl-17.jar!/fxglassets/textures/particles/trace_horizontal.png
10:22:26.986 [FXGL Background Thread 1 ] DEBUG GameApplicationServi - Application scenes initialized
10:22:27.049 [FXGL Background Thread 1 ] DEBUG SystemBundleService  - Loading FXGL system data
10:22:27.065 [FXGL Background Thread 1 ] DEBUG FileSystemAccess     - Reading from: /home/diego/Documentos/concurrente/Restaurant/cesar/restaurant-concurrente/system/fxgl.bundle
10:22:27.092 [FXGL Background Thread 1 ] DEBUG SystemBundleService  - Bundle FXGL: {}
10:22:27.093 [FXGL Background Thread 1 ] DEBUG UpdaterService       - Checking for updates
10:22:27.108 [FXGL Background Thread 4 ] DEBUG FXGLApplication      - Loading fonts
10:22:27.110 [FXGL Background Thread 4 ] DEBUG FXGLAssetLoaderServi - Loading from file system: jar:file:/home/diego/.m2/repository/com/github/almasb/fxgl/17/fxgl-17.jar!/fxglassets/ui/fonts/VarelaRound-Regular.ttf
10:22:27.110 [FXGL Background Thread 1 ] DEBUG FXGLApplication      - Loading default localization
10:22:27.112 [FXGL Background Thread 1 ] DEBUG FXGLAssetLoaderServi - Loading from file system: jar:file:/home/diego/.m2/repository/com/github/almasb/fxgl/17/fxgl-17.jar!/fxglassets/languages/english.lang
10:22:27.129 [FXGL Background Thread 4 ] DEBUG FXGLAssetLoaderServi - Loading from file system: jar:file:/home/diego/.m2/repository/com/github/almasb/fxgl/17/fxgl-17.jar!/fxglassets/ui/fonts/Abel-Regular.ttf
10:22:27.138 [FXGL Background Thread 4 ] DEBUG FXGLAssetLoaderServi - Loading from file system: jar:file:/home/diego/.m2/repository/com/github/almasb/fxgl/17/fxgl-17.jar!/fxglassets/ui/fonts/TerminalLandMono-Regular.otf
10:22:27.143 [FXGL Background Thread 4 ] DEBUG FXGLAssetLoaderServi - Loading from file system: jar:file:/home/diego/.m2/repository/com/github/almasb/fxgl/17/fxgl-17.jar!/fxglassets/ui/fonts/Courier-Prime.ttf
10:22:27.157 [JavaFX Application Thread] DEBUG FXGLApplication      - Registering font factories with UI factory
10:22:27.179 [FXGL Background Thread 1 ] INFO  FXGLApplication      - FXGL initialization took: 1.614 sec
10:22:27.188 [JavaFX Application Thread] DEBUG FXGLAssetLoaderServi - Loading from file system: jar:file:/home/diego/.m2/repository/com/github/almasb/fxgl/17/fxgl-17.jar!/fxglassets/textures/fxgl_icon.png
10:22:27.350 [JavaFX Application Thread] DEBUG FXGLAssetLoaderServi - Loading from file system: jar:file:/home/diego/.m2/repository/com/github/almasb/fxgl/17/fxgl-17.jar!/fxglassets/textures/fxgl_default_cursor.png
10:22:27.418 [JavaFX Application Thread] DEBUG Input                - Registered new binding: Screenshot - CTRL+8
10:22:27.420 [JavaFX Application Thread] DEBUG Input                - Registered new binding: System info dump - CTRL+9
10:22:27.422 [JavaFX Application Thread] DEBUG Input                - Registered new binding: Restart - CTRL+R
10:22:27.424 [JavaFX Application Thread] DEBUG Input                - Registered new binding: Toggle Debug Camera - CTRL+7
10:22:27.430 [JavaFX Application Thread] DEBUG LoopRunner           - Starting loop
10:22:27.431 [JavaFX Application Thread] DEBUG LoopRunner           - Initializing JavaFX AnimationTimerLoop
10:22:27.438 [JavaFX Application Thread] DEBUG GameApplicationServi - Starting new game
10:22:27.440 [JavaFX Application Thread] DEBUG Input                - Clearing active input actions
10:22:27.487 [JavaFX Application Thread] DEBUG GameApplicationServi - Removing overlay from FXGLStartupScene and adding to FXGLLoadingScene
10:22:27.492 [JavaFX Application Thread] DEBUG PrimaryStageWindow   - FXGLStartupScene -> FXGLLoadingScene
10:22:27.492 [JavaFX Application Thread] DEBUG GameApplicationServi - Clearing previous game
10:22:27.493 [JavaFX Application Thread] DEBUG GameScene            - Clearing game scene
10:22:27.493 [JavaFX Application Thread] DEBUG GameWorld            - Clearing game world
10:22:27.493 [JavaFX Application Thread] DEBUG PhysicsWorld         - Clearing physics world
10:22:27.502 [FXGL Background Thread 1 ] DEBUG FXGLApplication      - Initializing game
10:22:27.574 [FXGL Background Thread 1 ] INFO  FXGLApplication      - Game initialization took: 0.072 sec
10:22:27.771 [JavaFX Application Thread] DEBUG FXGLAssetLoaderServi - Loading from file system: file:/home/diego/Documentos/concurrente/Restaurant/cesar/restaurant-concurrente/target/classes/assets/textures/bg.png
10:22:27.883 [JavaFX Application Thread] DEBUG FXGLAssetLoaderServi - Loading from file system: file:/home/diego/Documentos/concurrente/Restaurant/cesar/restaurant-concurrente/target/classes/assets/textures/mesa.png
10:22:27.921 [JavaFX Application Thread] DEBUG FXGLAssetLoaderServi - Loading from file system: file:/home/diego/Documentos/concurrente/Restaurant/cesar/restaurant-concurrente/target/classes/assets/textures/chef.png
10:22:27.950 [JavaFX Application Thread] DEBUG Input                - Clearing active input actions
10:22:27.987 [JavaFX Application Thread] DEBUG GameApplicationServi - Removing overlay from FXGLLoadingScene and adding to GameScene
10:22:27.988 [JavaFX Application Thread] DEBUG PrimaryStageWindow   - FXGLLoadingScene -> GameScene
10:22:28.574 [JavaFX Application Thread] DEBUG FXGLAssetLoaderServi - Loading from file system: file:/home/diego/Documentos/concurrente/Restaurant/cesar/restaurant-concurrente/target/classes/assets/textures/comensal_cola.png
10:22:28.635 [JavaFX Application Thread] DEBUG FXGLAssetLoaderServi - Loading from file system: file:/home/diego/Documentos/concurrente/Restaurant/cesar/restaurant-concurrente/target/classes/assets/textures/comensal_sentado.png
10:22:28.721 [JavaFX Application Thread] DEBUG FXGLAssetLoaderServi - Loading from file system: file:/home/diego/Documentos/concurrente/Restaurant/cesar/restaurant-concurrente/target/classes/assets/textures/chef_cooking.png
10:22:28.730 [FXGL Background Thread 2 ] INFO  UpdaterService       - Your current version:  17
10:22:28.733 [FXGL Background Thread 2 ] INFO  UpdaterService       - Latest stable version: 21.1
10:22:30.103 [FXGL Background Thread 3 ] DEBUG Engine               - Logging environment variables
10:22:30.104 [FXGL Background Thread 3 ] DEBUG Engine               - achievements: []
10:22:30.105 [FXGL Background Thread 3 ] DEBUG Engine               - actualHeight: 600.0
10:22:30.105 [FXGL Background Thread 3 ] DEBUG Engine               - actualHeightProperty: ReadOnlyDoubleProperty [value: 595.0]
10:22:30.106 [FXGL Background Thread 3 ] DEBUG Engine               - actualWidth: 800.0
10:22:30.106 [FXGL Background Thread 3 ] DEBUG Engine               - actualWidthProperty: ReadOnlyDoubleProperty [value: 800.0]
10:22:30.106 [FXGL Background Thread 3 ] DEBUG Engine               - appIcon: fxgl_icon.png
10:22:30.107 [FXGL Background Thread 3 ] DEBUG Engine               - applicationMode: DEVELOPER
10:22:30.107 [FXGL Background Thread 3 ] DEBUG Engine               - cSSList: [fxgl_dark.css]
10:22:30.107 [FXGL Background Thread 3 ] DEBUG Engine               - collisionDetectionStrategy: BRUTE_FORCE
10:22:30.108 [FXGL Background Thread 3 ] DEBUG Engine               - configClass: Optional.empty
10:22:30.108 [FXGL Background Thread 3 ] DEBUG Engine               - credits: []
10:22:30.110 [FXGL Background Thread 3 ] DEBUG Engine               - defaultCursor: CursorInfo(imageName=fxgl_default_cursor.png, hotspotX=7.0, hotspotY=6.0)
10:22:30.111 [FXGL Background Thread 3 ] DEBUG Engine               - devBBoxColorProperty: ObjectProperty [value: 0xff0000ff]
10:22:30.111 [FXGL Background Thread 3 ] DEBUG Engine               - devEnableDebugCameraProperty: BooleanProperty [value: false]
10:22:30.112 [FXGL Background Thread 3 ] DEBUG Engine               - devSensorColorProperty: ObjectProperty [value: 0xffff00ff]
10:22:30.112 [FXGL Background Thread 3 ] DEBUG Engine               - devShowBBoxProperty: BooleanProperty [value: false]
10:22:30.113 [FXGL Background Thread 3 ] DEBUG Engine               - devShowPositionProperty: BooleanProperty [value: false]
10:22:30.113 [FXGL Background Thread 3 ] DEBUG Engine               - enabledMenuItems: []
10:22:30.114 [FXGL Background Thread 3 ] DEBUG Engine               - engineServices: [class com.almasb.fxgl.app.services.FXGLAssetLoaderService, class com.almasb.fxgl.app.FXGLApplication$GameApplicationService, class com.almasb.fxgl.app.services.FXGLDialogService, class com.almasb.fxgl.app.services.IOTaskExecutorService, class com.almasb.fxgl.io.FileSystemService, class com.almasb.fxgl.localization.LocalizationService, class com.almasb.fxgl.app.services.SystemBundleService, class com.almasb.fxgl.profile.SaveLoadService, class com.almasb.fxgl.ui.FXGLUIFactoryServiceProvider, class com.almasb.fxgl.ui.FXGLDialogFactoryServiceProvider, class com.almasb.fxgl.audio.AudioPlayer, class com.almasb.fxgl.notification.impl.NotificationServiceProvider, class com.almasb.fxgl.achievement.AchievementService, class com.almasb.fxgl.cutscene.CutsceneService, class com.almasb.fxgl.minigames.MiniGameService, class com.almasb.fxgl.net.NetService, class com.almasb.fxgl.app.services.UpdaterService, class com.almasb.fxgl.dev.DevService]
10:22:30.114 [FXGL Background Thread 3 ] DEBUG Engine               - fontGame: Abel-Regular.ttf
10:22:30.114 [FXGL Background Thread 3 ] DEBUG Engine               - fontMono: TerminalLandMono-Regular.otf
10:22:30.114 [FXGL Background Thread 3 ] DEBUG Engine               - fontText: Courier-Prime.ttf
10:22:30.115 [FXGL Background Thread 3 ] DEBUG Engine               - fontUI: VarelaRound-Regular.ttf
10:22:30.115 [FXGL Background Thread 3 ] DEBUG Engine               - fullScreen: BooleanProperty [value: false]
10:22:30.115 [FXGL Background Thread 3 ] DEBUG Engine               - gameDifficulty: MEDIUM
10:22:30.116 [FXGL Background Thread 3 ] DEBUG Engine               - gameDifficultyProperty: ObjectProperty [value: MEDIUM]
10:22:30.116 [FXGL Background Thread 3 ] DEBUG Engine               - globalMusicVolume: 0.5
10:22:30.117 [FXGL Background Thread 3 ] DEBUG Engine               - globalMusicVolumeProperty: DoubleProperty [value: 0.5]
10:22:30.117 [FXGL Background Thread 3 ] DEBUG Engine               - globalSoundVolume: 0.5
10:22:30.118 [FXGL Background Thread 3 ] DEBUG Engine               - globalSoundVolumeProperty: DoubleProperty [value: 0.5]
10:22:30.118 [FXGL Background Thread 3 ] DEBUG Engine               - height: 600
10:22:30.118 [FXGL Background Thread 3 ] DEBUG Engine               - is3D: false
10:22:30.118 [FXGL Background Thread 3 ] DEBUG Engine               - isAndroid: false
10:22:30.119 [FXGL Background Thread 3 ] DEBUG Engine               - isBrowser: false
10:22:30.119 [FXGL Background Thread 3 ] DEBUG Engine               - isClickFeedbackEnabled: false
10:22:30.119 [FXGL Background Thread 3 ] DEBUG Engine               - isCloseConfirmation: false
10:22:30.120 [FXGL Background Thread 3 ] DEBUG Engine               - isDesktop: true
10:22:30.120 [FXGL Background Thread 3 ] DEBUG Engine               - isDeveloperMenuEnabled: false
10:22:30.120 [FXGL Background Thread 3 ] DEBUG Engine               - isEmbedded: false
10:22:30.121 [FXGL Background Thread 3 ] DEBUG Engine               - isEntityPreloadEnabled: true
10:22:30.121 [FXGL Background Thread 3 ] DEBUG Engine               - isExperimentalTiledLargeMap: false
10:22:30.122 [FXGL Background Thread 3 ] DEBUG Engine               - isFileSystemWriteAllowed: true
10:22:30.122 [FXGL Background Thread 3 ] DEBUG Engine               - isFullScreenAllowed: false
10:22:30.123 [FXGL Background Thread 3 ] DEBUG Engine               - isFullScreenFromStart: false
10:22:30.123 [FXGL Background Thread 3 ] DEBUG Engine               - isGameMenuEnabled: true
10:22:30.123 [FXGL Background Thread 3 ] DEBUG Engine               - isIOS: false
10:22:30.123 [FXGL Background Thread 3 ] DEBUG Engine               - isIntroEnabled: false
10:22:30.124 [FXGL Background Thread 3 ] DEBUG Engine               - isLinux: true
10:22:30.124 [FXGL Background Thread 3 ] DEBUG Engine               - isMac: false
10:22:30.125 [FXGL Background Thread 3 ] DEBUG Engine               - isMainMenuEnabled: false
10:22:30.125 [FXGL Background Thread 3 ] DEBUG Engine               - isManualResizeEnabled: false
10:22:30.125 [FXGL Background Thread 3 ] DEBUG Engine               - isMobile: false
10:22:30.126 [FXGL Background Thread 3 ] DEBUG Engine               - isNative: false
10:22:30.126 [FXGL Background Thread 3 ] DEBUG Engine               - isPauseMusicWhenMinimized: true
10:22:30.126 [FXGL Background Thread 3 ] DEBUG Engine               - isPreserveResizeRatio: false
10:22:30.127 [FXGL Background Thread 3 ] DEBUG Engine               - isProfilingEnabled: false
10:22:30.127 [FXGL Background Thread 3 ] DEBUG Engine               - isScaleAffectedOnResize: true
10:22:30.127 [FXGL Background Thread 3 ] DEBUG Engine               - isSingleStep: false
10:22:30.128 [FXGL Background Thread 3 ] DEBUG Engine               - isUserProfileEnabled: false
10:22:30.128 [FXGL Background Thread 3 ] DEBUG Engine               - isWindows: false
10:22:30.129 [FXGL Background Thread 3 ] DEBUG Engine               - language: ObjectProperty [value: ENGLISH]
10:22:30.129 [FXGL Background Thread 3 ] DEBUG Engine               - menuKey: ESCAPE
10:22:30.129 [FXGL Background Thread 3 ] DEBUG Engine               - mouseSensitivity: 0.2
10:22:30.130 [FXGL Background Thread 3 ] DEBUG Engine               - notificationViewClass: class com.almasb.fxgl.notification.view.XboxNotificationView
10:22:30.130 [FXGL Background Thread 3 ] DEBUG Engine               - pixelsPerMeter: 50.0
10:22:30.130 [FXGL Background Thread 3 ] DEBUG Engine               - platform: LINUX
10:22:30.131 [FXGL Background Thread 3 ] DEBUG Engine               - prefHeightProperty: ReadOnlyDoubleProperty [value: 600.0]
10:22:30.131 [FXGL Background Thread 3 ] DEBUG Engine               - prefWidthProperty: ReadOnlyDoubleProperty [value: 800.0]
10:22:30.131 [FXGL Background Thread 3 ] DEBUG Engine               - profileDir: profiles/
10:22:30.132 [FXGL Background Thread 3 ] DEBUG Engine               - profileName: StringProperty [value: DEFAULT]
10:22:30.132 [FXGL Background Thread 3 ] DEBUG Engine               - randomSeed: -1
10:22:30.134 [FXGL Background Thread 3 ] DEBUG Engine               - runtimeInfo: RuntimeInfo(platform=LINUX, version=17, build=31.12.2021 18.16)
10:22:30.134 [FXGL Background Thread 3 ] DEBUG Engine               - saveFileExt: sav
10:22:30.135 [FXGL Background Thread 3 ] DEBUG Engine               - scaledHeightProp$fxgl: DoubleProperty [bound, value: 595.0]
10:22:30.135 [FXGL Background Thread 3 ] DEBUG Engine               - scaledWidthProp$fxgl: DoubleProperty [bound, value: 800.0]
10:22:30.135 [FXGL Background Thread 3 ] DEBUG Engine               - sceneFactory: com.almasb.fxgl.app.scene.SceneFactory@5ec3db32
10:22:30.136 [FXGL Background Thread 3 ] DEBUG Engine               - secondsIn24h: 60
10:22:30.136 [FXGL Background Thread 3 ] DEBUG Engine               - soundMenuBack: menu/back.wav
10:22:30.136 [FXGL Background Thread 3 ] DEBUG Engine               - soundMenuPress: menu/press.wav
10:22:30.136 [FXGL Background Thread 3 ] DEBUG Engine               - soundMenuSelect: menu/select.wav
10:22:30.137 [FXGL Background Thread 3 ] DEBUG Engine               - soundNotification: core/notification.wav
10:22:30.137 [FXGL Background Thread 3 ] DEBUG Engine               - stageStyle: DECORATED
10:22:30.137 [FXGL Background Thread 3 ] DEBUG Engine               - supportedLanguages: [ENGLISH, FRENCH, GERMAN, HUNGARIAN, RUSSIAN]
10:22:30.138 [FXGL Background Thread 3 ] DEBUG Engine               - ticksPerSecond: -1
10:22:30.138 [FXGL Background Thread 3 ] DEBUG Engine               - title: Simulador de Restaurante
10:22:30.138 [FXGL Background Thread 3 ] DEBUG Engine               - urlGithub: https://github.com/AlmasB/FXGL
10:22:30.139 [FXGL Background Thread 3 ] DEBUG Engine               - urlLeaderboard: http://fxgl-top.herokuapp.com/
10:22:30.139 [FXGL Background Thread 3 ] DEBUG Engine               - urlPOM: https://raw.githubusercontent.com/AlmasB/FXGL/release/README.md
10:22:30.140 [FXGL Background Thread 3 ] DEBUG Engine               - userAppClass: class com.concurrente.restaurant.RestaurantApp
10:22:30.140 [FXGL Background Thread 3 ] DEBUG Engine               - version: 1.0
10:22:30.141 [FXGL Background Thread 3 ] DEBUG Engine               - versionCheckDays: 7
10:22:30.141 [FXGL Background Thread 3 ] DEBUG Engine               - width: 800
10:22:30.141 [FXGL Background Thread 3 ] DEBUG Engine               - Logging services
10:22:30.142 [FXGL Background Thread 3 ] DEBUG Engine               - class com.almasb.fxgl.app.services.FXGLAssetLoaderService
10:22:30.142 [FXGL Background Thread 3 ] DEBUG Engine               - class com.almasb.fxgl.app.FXGLApplication$GameApplicationService
10:22:30.143 [FXGL Background Thread 3 ] DEBUG Engine               - class com.almasb.fxgl.app.services.FXGLDialogService
10:22:30.143 [FXGL Background Thread 3 ] DEBUG Engine               - class com.almasb.fxgl.app.services.IOTaskExecutorService
10:22:30.143 [FXGL Background Thread 3 ] DEBUG Engine               - class com.almasb.fxgl.io.FileSystemService
10:22:30.143 [FXGL Background Thread 3 ] DEBUG Engine               - class com.almasb.fxgl.localization.LocalizationService
10:22:30.143 [FXGL Background Thread 3 ] DEBUG Engine               - class com.almasb.fxgl.app.services.SystemBundleService
10:22:30.143 [FXGL Background Thread 3 ] DEBUG Engine               - class com.almasb.fxgl.profile.SaveLoadService
10:22:30.144 [FXGL Background Thread 3 ] DEBUG Engine               - class com.almasb.fxgl.ui.FXGLUIFactoryServiceProvider
10:22:30.144 [FXGL Background Thread 3 ] DEBUG Engine               - class com.almasb.fxgl.ui.FXGLDialogFactoryServiceProvider
10:22:30.144 [FXGL Background Thread 3 ] DEBUG Engine               - class com.almasb.fxgl.audio.AudioPlayer
10:22:30.144 [FXGL Background Thread 3 ] DEBUG Engine               - class com.almasb.fxgl.notification.impl.NotificationServiceProvider
10:22:30.144 [FXGL Background Thread 3 ] DEBUG Engine               - class com.almasb.fxgl.achievement.AchievementService
10:22:30.144 [FXGL Background Thread 3 ] DEBUG Engine               - class com.almasb.fxgl.cutscene.CutsceneService
10:22:30.145 [FXGL Background Thread 3 ] DEBUG Engine               - class com.almasb.fxgl.minigames.MiniGameService
10:22:30.145 [FXGL Background Thread 3 ] DEBUG Engine               - class com.almasb.fxgl.net.NetService
10:22:30.145 [FXGL Background Thread 3 ] DEBUG Engine               - class com.almasb.fxgl.app.services.UpdaterService
10:22:30.145 [FXGL Background Thread 3 ] DEBUG Engine               - class com.almasb.fxgl.dev.DevService
10:22:35.584 [JavaFX Application Thread] DEBUG FXGLAssetLoaderServi - Loading from file system: file:/home/diego/Documentos/concurrente/Restaurant/cesar/restaurant-concurrente/target/classes/assets/textures/mesero.png
10:22:37.954 [JavaFX Application Thread] DEBUG FXGLAssetLoaderServi - Loading from file system: file:/home/diego/Documentos/concurrente/Restaurant/cesar/restaurant-concurrente/target/classes/assets/textures/plato.png
10:23:24.621 [JavaFX Application Thread] DEBUG FXGLApplication      - Exiting FXGL
10:23:24.622 [JavaFX Application Thread] DEBUG LoopRunner           - Stopping loop
10:23:24.623 [JavaFX Application Thread] DEBUG SystemBundleService  - Saving FXGL system data
10:23:24.630 [JavaFX Application Thread] DEBUG FileSystemAccess     - Writing to: /home/diego/Documentos/concurrente/Restaurant/cesar/restaurant-concurrente/system/fxgl.bundle
10:23:24.641 [JavaFX Application Thread] DEBUG Async                - Shutting down background threads
10:23:24.642 [JavaFX Application Thread] DEBUG PrimaryStageWindow   - Closing main window
10:23:24.648 [JavaFX Application Thread] DEBUG Logger               - Closing Logger
