10:47:37.443 [com.concurrente.restauran] DEBUG Logger               - Configured Logger
10:47:37.538 [com.concurrente.restauran] DEBUG GameApplication      - Logging settings
Title: Simulador de Restaurante
Version: 1.0
Width: 800
Height: 600
Fullscreen: false
Intro: false
Profiling: false
Single step:false
App Mode: DEVELOPER
Menu Key: ESCAPE
Stage Style: DECORATED
Scene Factory: class com.almasb.fxgl.app.scene.SceneFactory

10:47:38.368 [JavaFX Application Thread] DEBUG FXGLApplication      - Initializing FXGL
10:47:38.383 [JavaFX Application Thread] INFO  Engine               - FXGL-17 (31.12.2021 18.16) on LINUX (J:21.0.5 FX:17.0.0.1)
10:47:38.384 [JavaFX Application Thread] DEBUG Engine               - JRE Vendor Name: Red Hat, Inc.
10:47:38.385 [JavaFX Application Thread] DEBUG Engine               - Running on OS: Linux version 6.11.8-200.fc40.x86_64
10:47:38.386 [JavaFX Application Thread] DEBUG Engine               - Architecture: amd64
10:47:38.386 [JavaFX Application Thread] INFO  Engine               - Source code and latest versions at: https://github.com/AlmasB/FXGL
10:47:38.386 [JavaFX Application Thread] INFO  Engine               -       Ask questions and discuss at: https://github.com/AlmasB/FXGL/discussions
10:47:38.388 [JavaFX Application Thread] INFO  Engine               -              Join the FXGL chat at: https://gitter.im/AlmasB/FXGL
10:47:38.826 [JavaFX Application Thread] DEBUG PrimaryStageWindow   - Creating a JavaFX scene
10:47:39.111 [JavaFX Application Thread] DEBUG PrimaryStageWindow   - Target settings size: 800.0 x 600.0
10:47:39.112 [JavaFX Application Thread] DEBUG PrimaryStageWindow   - Scaled scene size:    800.0 x 600.0
10:47:39.113 [JavaFX Application Thread] DEBUG PrimaryStageWindow   - Scaled ratio: (1.0, 1.0)
10:47:39.117 [JavaFX Application Thread] DEBUG PrimaryStageWindow   - Set initial scene to FXGLStartupScene
10:47:39.147 [JavaFX Application Thread] DEBUG PrimaryStageWindow   - Opening main window
10:47:39.346 [JavaFX Application Thread] DEBUG PrimaryStageWindow   - Window border size: (8.0, 38.0)
10:47:39.347 [JavaFX Application Thread] DEBUG PrimaryStageWindow   - Scaled size: 800.0 x 600.0
10:47:39.347 [JavaFX Application Thread] DEBUG PrimaryStageWindow   - Scaled ratio: (1.0, 1.0)
10:47:39.348 [JavaFX Application Thread] DEBUG PrimaryStageWindow   - Scene size: 800.0 x 600.0
10:47:39.348 [JavaFX Application Thread] DEBUG PrimaryStageWindow   - Stage size: 808.0 x 638.0
10:47:39.362 [FXGL Background Thread 1 ] DEBUG Engine               - Initializing environment variables
10:47:39.454 [FXGL Background Thread 1 ] DEBUG FXGLAssetLoaderServi - User app class for loading assets: class com.concurrente.restaurant.RestaurantApp
10:47:39.455 [FXGL Background Thread 1 ] DEBUG GameApplicationServi - Applying CSS: fxgl_dark.css
10:47:39.458 [FXGL Background Thread 1 ] DEBUG FXGLAssetLoaderServi - Loading from file system: jar:file:/home/diego/.m2/repository/com/github/almasb/fxgl/17/fxgl-17.jar!/fxglassets/ui/css/fxgl_dark.css
10:47:39.595 [FXGL Background Thread 1 ] DEBUG GameApplicationServi - Initializing application scenes
10:47:39.760 [FXGL Background Thread 1 ] DEBUG GameWorld            - Game world initialized
10:47:40.117 [FXGL Background Thread 1 ] DEBUG PhysicsWorld         - Physics world initialized: appHeight=600, physics.ppm=50.0
10:47:40.118 [FXGL Background Thread 1 ] DEBUG PhysicsWorld         - Using strategy: BRUTE_FORCE
10:47:40.133 [FXGL Background Thread 1 ] DEBUG GameScene            - Game scene initialized: 800x600
10:47:40.179 [FXGL Background Thread 1 ] DEBUG FXGL.DefaultMenu     - createMenuBodyGameMenu()
10:47:40.252 [FXGL Background Thread 1 ] DEBUG FXGL.DefaultMenu     - createOptionsMenu()
10:47:40.292 [FXGL Background Thread 1 ] DEBUG FXGLAssetLoaderServi - Loading from file system: jar:file:/home/diego/.m2/repository/com/github/almasb/fxgl/17/fxgl-17.jar!/fxglassets/textures/particles/smoke.png
10:47:40.654 [FXGL Background Thread 1 ] DEBUG FXGLAssetLoaderServi - Loading from file system: jar:file:/home/diego/.m2/repository/com/github/almasb/fxgl/17/fxgl-17.jar!/fxglassets/textures/particles/trace_horizontal.png
10:47:40.750 [FXGL Background Thread 1 ] DEBUG GameApplicationServi - Application scenes initialized
10:47:40.809 [FXGL Background Thread 1 ] DEBUG SystemBundleService  - Loading FXGL system data
10:47:40.822 [FXGL Background Thread 1 ] DEBUG FileSystemAccess     - Reading from: /home/diego/Documentos/concurrente/Restaurant/cesar/restaurant-concurrente/system/fxgl.bundle
10:47:40.846 [FXGL Background Thread 1 ] DEBUG SystemBundleService  - Bundle FXGL: {}
10:47:40.847 [FXGL Background Thread 1 ] DEBUG UpdaterService       - Checking for updates
10:47:40.858 [FXGL Background Thread 4 ] DEBUG FXGLApplication      - Loading fonts
10:47:40.860 [FXGL Background Thread 1 ] DEBUG FXGLApplication      - Loading default localization
10:47:40.861 [FXGL Background Thread 4 ] DEBUG FXGLAssetLoaderServi - Loading from file system: jar:file:/home/diego/.m2/repository/com/github/almasb/fxgl/17/fxgl-17.jar!/fxglassets/ui/fonts/VarelaRound-Regular.ttf
10:47:40.862 [FXGL Background Thread 1 ] DEBUG FXGLAssetLoaderServi - Loading from file system: jar:file:/home/diego/.m2/repository/com/github/almasb/fxgl/17/fxgl-17.jar!/fxglassets/languages/english.lang
10:47:40.890 [FXGL Background Thread 4 ] DEBUG FXGLAssetLoaderServi - Loading from file system: jar:file:/home/diego/.m2/repository/com/github/almasb/fxgl/17/fxgl-17.jar!/fxglassets/ui/fonts/Abel-Regular.ttf
10:47:40.894 [FXGL Background Thread 4 ] DEBUG FXGLAssetLoaderServi - Loading from file system: jar:file:/home/diego/.m2/repository/com/github/almasb/fxgl/17/fxgl-17.jar!/fxglassets/ui/fonts/TerminalLandMono-Regular.otf
10:47:40.903 [FXGL Background Thread 4 ] DEBUG FXGLAssetLoaderServi - Loading from file system: jar:file:/home/diego/.m2/repository/com/github/almasb/fxgl/17/fxgl-17.jar!/fxglassets/ui/fonts/Courier-Prime.ttf
10:47:40.915 [JavaFX Application Thread] DEBUG FXGLApplication      - Registering font factories with UI factory
10:47:40.923 [FXGL Background Thread 1 ] INFO  FXGLApplication      - FXGL initialization took: 1.560 sec
10:47:40.926 [JavaFX Application Thread] DEBUG FXGLAssetLoaderServi - Loading from file system: jar:file:/home/diego/.m2/repository/com/github/almasb/fxgl/17/fxgl-17.jar!/fxglassets/textures/fxgl_icon.png
10:47:41.012 [JavaFX Application Thread] DEBUG FXGLAssetLoaderServi - Loading from file system: jar:file:/home/diego/.m2/repository/com/github/almasb/fxgl/17/fxgl-17.jar!/fxglassets/textures/fxgl_default_cursor.png
10:47:41.051 [JavaFX Application Thread] DEBUG Input                - Registered new binding: Screenshot - CTRL+8
10:47:41.054 [JavaFX Application Thread] DEBUG Input                - Registered new binding: System info dump - CTRL+9
10:47:41.055 [JavaFX Application Thread] DEBUG Input                - Registered new binding: Restart - CTRL+R
10:47:41.057 [JavaFX Application Thread] DEBUG Input                - Registered new binding: Toggle Debug Camera - CTRL+7
10:47:41.067 [JavaFX Application Thread] DEBUG LoopRunner           - Starting loop
10:47:41.067 [JavaFX Application Thread] DEBUG LoopRunner           - Initializing JavaFX AnimationTimerLoop
10:47:41.077 [JavaFX Application Thread] DEBUG GameApplicationServi - Starting new game
10:47:41.079 [JavaFX Application Thread] DEBUG Input                - Clearing active input actions
10:47:41.186 [JavaFX Application Thread] DEBUG GameApplicationServi - Removing overlay from FXGLStartupScene and adding to FXGLLoadingScene
10:47:41.189 [JavaFX Application Thread] DEBUG PrimaryStageWindow   - FXGLStartupScene -> FXGLLoadingScene
10:47:41.189 [JavaFX Application Thread] DEBUG GameApplicationServi - Clearing previous game
10:47:41.190 [JavaFX Application Thread] DEBUG GameScene            - Clearing game scene
10:47:41.190 [JavaFX Application Thread] DEBUG GameWorld            - Clearing game world
10:47:41.190 [JavaFX Application Thread] DEBUG PhysicsWorld         - Clearing physics world
10:47:41.198 [FXGL Background Thread 1 ] DEBUG FXGLApplication      - Initializing game
10:47:41.238 [FXGL Background Thread 1 ] INFO  FXGLApplication      - Game initialization took: 0.039 sec
10:47:41.486 [JavaFX Application Thread] DEBUG FXGLAssetLoaderServi - Loading from file system: file:/home/diego/Documentos/concurrente/Restaurant/cesar/restaurant-concurrente/target/classes/assets/textures/bg.png
10:47:41.598 [JavaFX Application Thread] DEBUG FXGLAssetLoaderServi - Loading from file system: file:/home/diego/Documentos/concurrente/Restaurant/cesar/restaurant-concurrente/target/classes/assets/textures/mesa.png
10:47:41.633 [JavaFX Application Thread] DEBUG FXGLAssetLoaderServi - Loading from file system: file:/home/diego/Documentos/concurrente/Restaurant/cesar/restaurant-concurrente/target/classes/assets/textures/chef.png
10:47:41.657 [JavaFX Application Thread] DEBUG Input                - Clearing active input actions
10:47:41.721 [JavaFX Application Thread] DEBUG GameApplicationServi - Removing overlay from FXGLLoadingScene and adding to GameScene
10:47:41.724 [JavaFX Application Thread] DEBUG PrimaryStageWindow   - FXGLLoadingScene -> GameScene
10:47:42.249 [JavaFX Application Thread] DEBUG FXGLAssetLoaderServi - Loading from file system: file:/home/diego/Documentos/concurrente/Restaurant/cesar/restaurant-concurrente/target/classes/assets/textures/comensal_cola.png
10:47:42.389 [JavaFX Application Thread] DEBUG FXGLAssetLoaderServi - Loading from file system: file:/home/diego/Documentos/concurrente/Restaurant/cesar/restaurant-concurrente/target/classes/assets/textures/comensal_sentado.png
10:47:42.518 [JavaFX Application Thread] DEBUG FXGLAssetLoaderServi - Loading from file system: file:/home/diego/Documentos/concurrente/Restaurant/cesar/restaurant-concurrente/target/classes/assets/textures/chef_cooking.png
10:47:42.709 [FXGL Background Thread 2 ] INFO  UpdaterService       - Your current version:  17
10:47:42.710 [FXGL Background Thread 2 ] INFO  UpdaterService       - Latest stable version: 21.1
10:47:43.854 [FXGL Background Thread 3 ] DEBUG Engine               - Logging environment variables
10:47:43.855 [FXGL Background Thread 3 ] DEBUG Engine               - achievements: []
10:47:43.856 [FXGL Background Thread 3 ] DEBUG Engine               - actualHeight: 600.0
10:47:43.856 [FXGL Background Thread 3 ] DEBUG Engine               - actualHeightProperty: ReadOnlyDoubleProperty [value: 595.0]
10:47:43.857 [FXGL Background Thread 3 ] DEBUG Engine               - actualWidth: 800.0
10:47:43.857 [FXGL Background Thread 3 ] DEBUG Engine               - actualWidthProperty: ReadOnlyDoubleProperty [value: 800.0]
10:47:43.858 [FXGL Background Thread 3 ] DEBUG Engine               - appIcon: fxgl_icon.png
10:47:43.858 [FXGL Background Thread 3 ] DEBUG Engine               - applicationMode: DEVELOPER
10:47:43.859 [FXGL Background Thread 3 ] DEBUG Engine               - cSSList: [fxgl_dark.css]
10:47:43.859 [FXGL Background Thread 3 ] DEBUG Engine               - collisionDetectionStrategy: BRUTE_FORCE
10:47:43.859 [FXGL Background Thread 3 ] DEBUG Engine               - configClass: Optional.empty
10:47:43.860 [FXGL Background Thread 3 ] DEBUG Engine               - credits: []
10:47:43.861 [FXGL Background Thread 3 ] DEBUG Engine               - defaultCursor: CursorInfo(imageName=fxgl_default_cursor.png, hotspotX=7.0, hotspotY=6.0)
10:47:43.863 [FXGL Background Thread 3 ] DEBUG Engine               - devBBoxColorProperty: ObjectProperty [value: 0xff0000ff]
10:47:43.863 [FXGL Background Thread 3 ] DEBUG Engine               - devEnableDebugCameraProperty: BooleanProperty [value: false]
10:47:43.864 [FXGL Background Thread 3 ] DEBUG Engine               - devSensorColorProperty: ObjectProperty [value: 0xffff00ff]
10:47:43.865 [FXGL Background Thread 3 ] DEBUG Engine               - devShowBBoxProperty: BooleanProperty [value: false]
10:47:43.865 [FXGL Background Thread 3 ] DEBUG Engine               - devShowPositionProperty: BooleanProperty [value: false]
10:47:43.865 [FXGL Background Thread 3 ] DEBUG Engine               - enabledMenuItems: []
10:47:43.866 [FXGL Background Thread 3 ] DEBUG Engine               - engineServices: [class com.almasb.fxgl.app.services.FXGLAssetLoaderService, class com.almasb.fxgl.app.FXGLApplication$GameApplicationService, class com.almasb.fxgl.app.services.FXGLDialogService, class com.almasb.fxgl.app.services.IOTaskExecutorService, class com.almasb.fxgl.io.FileSystemService, class com.almasb.fxgl.localization.LocalizationService, class com.almasb.fxgl.app.services.SystemBundleService, class com.almasb.fxgl.profile.SaveLoadService, class com.almasb.fxgl.ui.FXGLUIFactoryServiceProvider, class com.almasb.fxgl.ui.FXGLDialogFactoryServiceProvider, class com.almasb.fxgl.audio.AudioPlayer, class com.almasb.fxgl.notification.impl.NotificationServiceProvider, class com.almasb.fxgl.achievement.AchievementService, class com.almasb.fxgl.cutscene.CutsceneService, class com.almasb.fxgl.minigames.MiniGameService, class com.almasb.fxgl.net.NetService, class com.almasb.fxgl.app.services.UpdaterService, class com.almasb.fxgl.dev.DevService]
10:47:43.866 [FXGL Background Thread 3 ] DEBUG Engine               - fontGame: Abel-Regular.ttf
10:47:43.866 [FXGL Background Thread 3 ] DEBUG Engine               - fontMono: TerminalLandMono-Regular.otf
10:47:43.867 [FXGL Background Thread 3 ] DEBUG Engine               - fontText: Courier-Prime.ttf
10:47:43.867 [FXGL Background Thread 3 ] DEBUG Engine               - fontUI: VarelaRound-Regular.ttf
10:47:43.868 [FXGL Background Thread 3 ] DEBUG Engine               - fullScreen: BooleanProperty [value: false]
10:47:43.868 [FXGL Background Thread 3 ] DEBUG Engine               - gameDifficulty: MEDIUM
10:47:43.868 [FXGL Background Thread 3 ] DEBUG Engine               - gameDifficultyProperty: ObjectProperty [value: MEDIUM]
10:47:43.869 [FXGL Background Thread 3 ] DEBUG Engine               - globalMusicVolume: 0.5
10:47:43.869 [FXGL Background Thread 3 ] DEBUG Engine               - globalMusicVolumeProperty: DoubleProperty [value: 0.5]
10:47:43.870 [FXGL Background Thread 3 ] DEBUG Engine               - globalSoundVolume: 0.5
10:47:43.870 [FXGL Background Thread 3 ] DEBUG Engine               - globalSoundVolumeProperty: DoubleProperty [value: 0.5]
10:47:43.870 [FXGL Background Thread 3 ] DEBUG Engine               - height: 600
10:47:43.871 [FXGL Background Thread 3 ] DEBUG Engine               - is3D: false
10:47:43.871 [FXGL Background Thread 3 ] DEBUG Engine               - isAndroid: false
10:47:43.871 [FXGL Background Thread 3 ] DEBUG Engine               - isBrowser: false
10:47:43.872 [FXGL Background Thread 3 ] DEBUG Engine               - isClickFeedbackEnabled: false
10:47:43.872 [FXGL Background Thread 3 ] DEBUG Engine               - isCloseConfirmation: false
10:47:43.872 [FXGL Background Thread 3 ] DEBUG Engine               - isDesktop: true
10:47:43.872 [FXGL Background Thread 3 ] DEBUG Engine               - isDeveloperMenuEnabled: false
10:47:43.873 [FXGL Background Thread 3 ] DEBUG Engine               - isEmbedded: false
10:47:43.873 [FXGL Background Thread 3 ] DEBUG Engine               - isEntityPreloadEnabled: true
10:47:43.873 [FXGL Background Thread 3 ] DEBUG Engine               - isExperimentalTiledLargeMap: false
10:47:43.874 [FXGL Background Thread 3 ] DEBUG Engine               - isFileSystemWriteAllowed: true
10:47:43.874 [FXGL Background Thread 3 ] DEBUG Engine               - isFullScreenAllowed: false
10:47:43.874 [FXGL Background Thread 3 ] DEBUG Engine               - isFullScreenFromStart: false
10:47:43.875 [FXGL Background Thread 3 ] DEBUG Engine               - isGameMenuEnabled: true
10:47:43.875 [FXGL Background Thread 3 ] DEBUG Engine               - isIOS: false
10:47:43.875 [FXGL Background Thread 3 ] DEBUG Engine               - isIntroEnabled: false
10:47:43.876 [FXGL Background Thread 3 ] DEBUG Engine               - isLinux: true
10:47:43.876 [FXGL Background Thread 3 ] DEBUG Engine               - isMac: false
10:47:43.877 [FXGL Background Thread 3 ] DEBUG Engine               - isMainMenuEnabled: false
10:47:43.877 [FXGL Background Thread 3 ] DEBUG Engine               - isManualResizeEnabled: false
10:47:43.877 [FXGL Background Thread 3 ] DEBUG Engine               - isMobile: false
10:47:43.878 [FXGL Background Thread 3 ] DEBUG Engine               - isNative: false
10:47:43.878 [FXGL Background Thread 3 ] DEBUG Engine               - isPauseMusicWhenMinimized: true
10:47:43.878 [FXGL Background Thread 3 ] DEBUG Engine               - isPreserveResizeRatio: false
10:47:43.879 [FXGL Background Thread 3 ] DEBUG Engine               - isProfilingEnabled: false
10:47:43.879 [FXGL Background Thread 3 ] DEBUG Engine               - isScaleAffectedOnResize: true
10:47:43.879 [FXGL Background Thread 3 ] DEBUG Engine               - isSingleStep: false
10:47:43.880 [FXGL Background Thread 3 ] DEBUG Engine               - isUserProfileEnabled: false
10:47:43.880 [FXGL Background Thread 3 ] DEBUG Engine               - isWindows: false
10:47:43.880 [FXGL Background Thread 3 ] DEBUG Engine               - language: ObjectProperty [value: ENGLISH]
10:47:43.881 [FXGL Background Thread 3 ] DEBUG Engine               - menuKey: ESCAPE
10:47:43.881 [FXGL Background Thread 3 ] DEBUG Engine               - mouseSensitivity: 0.2
10:47:43.881 [FXGL Background Thread 3 ] DEBUG Engine               - notificationViewClass: class com.almasb.fxgl.notification.view.XboxNotificationView
10:47:43.882 [FXGL Background Thread 3 ] DEBUG Engine               - pixelsPerMeter: 50.0
10:47:43.882 [FXGL Background Thread 3 ] DEBUG Engine               - platform: LINUX
10:47:43.882 [FXGL Background Thread 3 ] DEBUG Engine               - prefHeightProperty: ReadOnlyDoubleProperty [value: 600.0]
10:47:43.883 [FXGL Background Thread 3 ] DEBUG Engine               - prefWidthProperty: ReadOnlyDoubleProperty [value: 800.0]
10:47:43.883 [FXGL Background Thread 3 ] DEBUG Engine               - profileDir: profiles/
10:47:43.884 [FXGL Background Thread 3 ] DEBUG Engine               - profileName: StringProperty [value: DEFAULT]
10:47:43.884 [FXGL Background Thread 3 ] DEBUG Engine               - randomSeed: -1
10:47:43.886 [FXGL Background Thread 3 ] DEBUG Engine               - runtimeInfo: RuntimeInfo(platform=LINUX, version=17, build=31.12.2021 18.16)
10:47:43.887 [FXGL Background Thread 3 ] DEBUG Engine               - saveFileExt: sav
10:47:43.887 [FXGL Background Thread 3 ] DEBUG Engine               - scaledHeightProp$fxgl: DoubleProperty [bound, value: 595.0]
10:47:43.888 [FXGL Background Thread 3 ] DEBUG Engine               - scaledWidthProp$fxgl: DoubleProperty [bound, value: 800.0]
10:47:43.888 [FXGL Background Thread 3 ] DEBUG Engine               - sceneFactory: com.almasb.fxgl.app.scene.SceneFactory@18df2b40
10:47:43.888 [FXGL Background Thread 3 ] DEBUG Engine               - secondsIn24h: 60
10:47:43.889 [FXGL Background Thread 3 ] DEBUG Engine               - soundMenuBack: menu/back.wav
10:47:43.889 [FXGL Background Thread 3 ] DEBUG Engine               - soundMenuPress: menu/press.wav
10:47:43.889 [FXGL Background Thread 3 ] DEBUG Engine               - soundMenuSelect: menu/select.wav
10:47:43.890 [FXGL Background Thread 3 ] DEBUG Engine               - soundNotification: core/notification.wav
10:47:43.890 [FXGL Background Thread 3 ] DEBUG Engine               - stageStyle: DECORATED
10:47:43.891 [FXGL Background Thread 3 ] DEBUG Engine               - supportedLanguages: [ENGLISH, FRENCH, GERMAN, HUNGARIAN, RUSSIAN]
10:47:43.891 [FXGL Background Thread 3 ] DEBUG Engine               - ticksPerSecond: -1
10:47:43.891 [FXGL Background Thread 3 ] DEBUG Engine               - title: Simulador de Restaurante
10:47:43.892 [FXGL Background Thread 3 ] DEBUG Engine               - urlGithub: https://github.com/AlmasB/FXGL
10:47:43.892 [FXGL Background Thread 3 ] DEBUG Engine               - urlLeaderboard: http://fxgl-top.herokuapp.com/
10:47:43.892 [FXGL Background Thread 3 ] DEBUG Engine               - urlPOM: https://raw.githubusercontent.com/AlmasB/FXGL/release/README.md
10:47:43.892 [FXGL Background Thread 3 ] DEBUG Engine               - userAppClass: class com.concurrente.restaurant.RestaurantApp
10:47:43.893 [FXGL Background Thread 3 ] DEBUG Engine               - version: 1.0
10:47:43.893 [FXGL Background Thread 3 ] DEBUG Engine               - versionCheckDays: 7
10:47:43.893 [FXGL Background Thread 3 ] DEBUG Engine               - width: 800
10:47:43.894 [FXGL Background Thread 3 ] DEBUG Engine               - Logging services
10:47:43.894 [FXGL Background Thread 3 ] DEBUG Engine               - class com.almasb.fxgl.app.services.FXGLAssetLoaderService
10:47:43.894 [FXGL Background Thread 3 ] DEBUG Engine               - class com.almasb.fxgl.app.FXGLApplication$GameApplicationService
10:47:43.895 [FXGL Background Thread 3 ] DEBUG Engine               - class com.almasb.fxgl.app.services.FXGLDialogService
10:47:43.895 [FXGL Background Thread 3 ] DEBUG Engine               - class com.almasb.fxgl.app.services.IOTaskExecutorService
10:47:43.895 [FXGL Background Thread 3 ] DEBUG Engine               - class com.almasb.fxgl.io.FileSystemService
10:47:43.895 [FXGL Background Thread 3 ] DEBUG Engine               - class com.almasb.fxgl.localization.LocalizationService
10:47:43.896 [FXGL Background Thread 3 ] DEBUG Engine               - class com.almasb.fxgl.app.services.SystemBundleService
10:47:43.896 [FXGL Background Thread 3 ] DEBUG Engine               - class com.almasb.fxgl.profile.SaveLoadService
10:47:43.896 [FXGL Background Thread 3 ] DEBUG Engine               - class com.almasb.fxgl.ui.FXGLUIFactoryServiceProvider
10:47:43.896 [FXGL Background Thread 3 ] DEBUG Engine               - class com.almasb.fxgl.ui.FXGLDialogFactoryServiceProvider
10:47:43.897 [FXGL Background Thread 3 ] DEBUG Engine               - class com.almasb.fxgl.audio.AudioPlayer
10:47:43.897 [FXGL Background Thread 3 ] DEBUG Engine               - class com.almasb.fxgl.notification.impl.NotificationServiceProvider
10:47:43.897 [FXGL Background Thread 3 ] DEBUG Engine               - class com.almasb.fxgl.achievement.AchievementService
10:47:43.897 [FXGL Background Thread 3 ] DEBUG Engine               - class com.almasb.fxgl.cutscene.CutsceneService
10:47:43.897 [FXGL Background Thread 3 ] DEBUG Engine               - class com.almasb.fxgl.minigames.MiniGameService
10:47:43.898 [FXGL Background Thread 3 ] DEBUG Engine               - class com.almasb.fxgl.net.NetService
10:47:43.898 [FXGL Background Thread 3 ] DEBUG Engine               - class com.almasb.fxgl.app.services.UpdaterService
10:47:43.898 [FXGL Background Thread 3 ] DEBUG Engine               - class com.almasb.fxgl.dev.DevService
10:47:49.267 [JavaFX Application Thread] DEBUG FXGLAssetLoaderServi - Loading from file system: file:/home/diego/Documentos/concurrente/Restaurant/cesar/restaurant-concurrente/target/classes/assets/textures/mesero.png
10:47:51.614 [JavaFX Application Thread] DEBUG FXGLAssetLoaderServi - Loading from file system: file:/home/diego/Documentos/concurrente/Restaurant/cesar/restaurant-concurrente/target/classes/assets/textures/plato.png
10:48:03.100 [JavaFX Application Thread] DEBUG FXGLApplication      - Exiting FXGL
10:48:03.100 [JavaFX Application Thread] DEBUG LoopRunner           - Stopping loop
10:48:03.101 [JavaFX Application Thread] DEBUG SystemBundleService  - Saving FXGL system data
10:48:03.108 [JavaFX Application Thread] DEBUG FileSystemAccess     - Writing to: /home/diego/Documentos/concurrente/Restaurant/cesar/restaurant-concurrente/system/fxgl.bundle
10:48:03.118 [JavaFX Application Thread] DEBUG Async                - Shutting down background threads
10:48:03.119 [JavaFX Application Thread] DEBUG PrimaryStageWindow   - Closing main window
10:48:03.143 [JavaFX Application Thread] DEBUG Logger               - Closing Logger
