09:44:30.105 [com.concurrente.restauran] DEBUG Logger               - Configured Logger
09:44:30.155 [com.concurrente.restauran] DEBUG GameApplication      - Logging settings
Title: Simulador de Restaurante
Version: 1.0
Width: 800
Height: 600
Fullscreen: false
Intro: false
Profiling: false
Single step:false
App Mode: DEVELOPER
Menu Key: ESCAPE
Stage Style: DECORATED
Scene Factory: class com.almasb.fxgl.app.scene.SceneFactory

09:44:30.712 [JavaFX Application Thread] DEBUG FXGLApplication      - Initializing FXGL
09:44:30.723 [JavaFX Application Thread] INFO  Engine               - FXGL-17 (31.12.2021 18.16) on LINUX (J:21.0.5 FX:17.0.0.1)
09:44:30.724 [JavaFX Application Thread] DEBUG Engine               - JRE Vendor Name: Red Hat, Inc.
09:44:30.725 [JavaFX Application Thread] DEBUG Engine               - Running on OS: Linux version 6.11.8-200.fc40.x86_64
09:44:30.725 [JavaFX Application Thread] DEBUG Engine               - Architecture: amd64
09:44:30.726 [JavaFX Application Thread] INFO  Engine               - Source code and latest versions at: https://github.com/AlmasB/FXGL
09:44:30.726 [JavaFX Application Thread] INFO  Engine               -       Ask questions and discuss at: https://github.com/AlmasB/FXGL/discussions
09:44:30.727 [JavaFX Application Thread] INFO  Engine               -              Join the FXGL chat at: https://gitter.im/AlmasB/FXGL
09:44:31.064 [JavaFX Application Thread] DEBUG PrimaryStageWindow   - Creating a JavaFX scene
09:44:31.365 [JavaFX Application Thread] DEBUG PrimaryStageWindow   - Target settings size: 800.0 x 600.0
09:44:31.366 [JavaFX Application Thread] DEBUG PrimaryStageWindow   - Scaled scene size:    800.0 x 600.0
09:44:31.368 [JavaFX Application Thread] DEBUG PrimaryStageWindow   - Scaled ratio: (1.0, 1.0)
09:44:31.373 [JavaFX Application Thread] DEBUG PrimaryStageWindow   - Set initial scene to FXGLStartupScene
09:44:31.404 [JavaFX Application Thread] DEBUG PrimaryStageWindow   - Opening main window
09:44:31.711 [JavaFX Application Thread] DEBUG PrimaryStageWindow   - Window border size: (8.0, 38.0)
09:44:31.713 [JavaFX Application Thread] DEBUG PrimaryStageWindow   - Scaled size: 800.0 x 600.0
09:44:31.714 [JavaFX Application Thread] DEBUG PrimaryStageWindow   - Scaled ratio: (1.0, 1.0)
09:44:31.715 [JavaFX Application Thread] DEBUG PrimaryStageWindow   - Scene size: 800.0 x 600.0
09:44:31.716 [JavaFX Application Thread] DEBUG PrimaryStageWindow   - Stage size: 808.0 x 638.0
09:44:31.774 [FXGL Background Thread 1 ] DEBUG Engine               - Initializing environment variables
09:44:31.974 [FXGL Background Thread 1 ] DEBUG FXGLAssetLoaderServi - User app class for loading assets: class com.concurrente.restaurant.RestaurantApp
09:44:31.975 [FXGL Background Thread 1 ] DEBUG GameApplicationServi - Applying CSS: fxgl_dark.css
09:44:31.981 [FXGL Background Thread 1 ] DEBUG FXGLAssetLoaderServi - Loading from file system: jar:file:/home/diego/.m2/repository/com/github/almasb/fxgl/17/fxgl-17.jar!/fxglassets/ui/css/fxgl_dark.css
09:44:32.224 [FXGL Background Thread 1 ] DEBUG GameApplicationServi - Initializing application scenes
09:44:32.444 [FXGL Background Thread 1 ] DEBUG GameWorld            - Game world initialized
09:44:32.677 [FXGL Background Thread 1 ] DEBUG PhysicsWorld         - Physics world initialized: appHeight=600, physics.ppm=50.0
09:44:32.678 [FXGL Background Thread 1 ] DEBUG PhysicsWorld         - Using strategy: BRUTE_FORCE
09:44:32.694 [FXGL Background Thread 1 ] DEBUG GameScene            - Game scene initialized: 800x600
09:44:32.737 [FXGL Background Thread 1 ] DEBUG FXGL.DefaultMenu     - createMenuBodyGameMenu()
09:44:32.805 [FXGL Background Thread 1 ] DEBUG FXGL.DefaultMenu     - createOptionsMenu()
09:44:32.852 [FXGL Background Thread 1 ] DEBUG FXGLAssetLoaderServi - Loading from file system: jar:file:/home/diego/.m2/repository/com/github/almasb/fxgl/17/fxgl-17.jar!/fxglassets/textures/particles/smoke.png
09:44:33.153 [FXGL Background Thread 1 ] DEBUG FXGLAssetLoaderServi - Loading from file system: jar:file:/home/diego/.m2/repository/com/github/almasb/fxgl/17/fxgl-17.jar!/fxglassets/textures/particles/trace_horizontal.png
09:44:33.253 [FXGL Background Thread 1 ] DEBUG GameApplicationServi - Application scenes initialized
09:44:33.295 [FXGL Background Thread 1 ] DEBUG SystemBundleService  - Loading FXGL system data
09:44:33.307 [FXGL Background Thread 1 ] DEBUG FileSystemAccess     - Reading from: /home/diego/Documentos/concurrente/Restaurant/cesar/restaurant-concurrente/system/fxgl.bundle
09:44:33.326 [FXGL Background Thread 1 ] DEBUG SystemBundleService  - Bundle FXGL: {}
09:44:33.327 [FXGL Background Thread 1 ] DEBUG UpdaterService       - Checking for updates
09:44:33.336 [FXGL Background Thread 4 ] DEBUG FXGLApplication      - Loading fonts
09:44:33.337 [FXGL Background Thread 4 ] DEBUG FXGLAssetLoaderServi - Loading from file system: jar:file:/home/diego/.m2/repository/com/github/almasb/fxgl/17/fxgl-17.jar!/fxglassets/ui/fonts/VarelaRound-Regular.ttf
09:44:33.337 [FXGL Background Thread 1 ] DEBUG FXGLApplication      - Loading default localization
09:44:33.339 [FXGL Background Thread 1 ] DEBUG FXGLAssetLoaderServi - Loading from file system: jar:file:/home/diego/.m2/repository/com/github/almasb/fxgl/17/fxgl-17.jar!/fxglassets/languages/english.lang
09:44:33.353 [FXGL Background Thread 4 ] DEBUG FXGLAssetLoaderServi - Loading from file system: jar:file:/home/diego/.m2/repository/com/github/almasb/fxgl/17/fxgl-17.jar!/fxglassets/ui/fonts/Abel-Regular.ttf
09:44:33.357 [FXGL Background Thread 4 ] DEBUG FXGLAssetLoaderServi - Loading from file system: jar:file:/home/diego/.m2/repository/com/github/almasb/fxgl/17/fxgl-17.jar!/fxglassets/ui/fonts/TerminalLandMono-Regular.otf
09:44:33.362 [FXGL Background Thread 4 ] DEBUG FXGLAssetLoaderServi - Loading from file system: jar:file:/home/diego/.m2/repository/com/github/almasb/fxgl/17/fxgl-17.jar!/fxglassets/ui/fonts/Courier-Prime.ttf
09:44:33.371 [JavaFX Application Thread] DEBUG FXGLApplication      - Registering font factories with UI factory
09:44:33.387 [FXGL Background Thread 1 ] INFO  FXGLApplication      - FXGL initialization took: 1.612 sec
09:44:33.395 [JavaFX Application Thread] DEBUG FXGLAssetLoaderServi - Loading from file system: jar:file:/home/diego/.m2/repository/com/github/almasb/fxgl/17/fxgl-17.jar!/fxglassets/textures/fxgl_icon.png
09:44:33.487 [JavaFX Application Thread] DEBUG FXGLAssetLoaderServi - Loading from file system: jar:file:/home/diego/.m2/repository/com/github/almasb/fxgl/17/fxgl-17.jar!/fxglassets/textures/fxgl_default_cursor.png
09:44:33.520 [JavaFX Application Thread] DEBUG Input                - Registered new binding: Screenshot - CTRL+8
09:44:33.522 [JavaFX Application Thread] DEBUG Input                - Registered new binding: System info dump - CTRL+9
09:44:33.523 [JavaFX Application Thread] DEBUG Input                - Registered new binding: Restart - CTRL+R
09:44:33.525 [JavaFX Application Thread] DEBUG Input                - Registered new binding: Toggle Debug Camera - CTRL+7
09:44:33.530 [JavaFX Application Thread] DEBUG LoopRunner           - Starting loop
09:44:33.530 [JavaFX Application Thread] DEBUG LoopRunner           - Initializing JavaFX AnimationTimerLoop
09:44:33.533 [JavaFX Application Thread] DEBUG GameApplicationServi - Starting new game
09:44:33.537 [JavaFX Application Thread] DEBUG Input                - Clearing active input actions
09:44:33.575 [JavaFX Application Thread] DEBUG GameApplicationServi - Removing overlay from FXGLStartupScene and adding to FXGLLoadingScene
09:44:33.577 [JavaFX Application Thread] DEBUG PrimaryStageWindow   - FXGLStartupScene -> FXGLLoadingScene
09:44:33.577 [JavaFX Application Thread] DEBUG GameApplicationServi - Clearing previous game
09:44:33.578 [JavaFX Application Thread] DEBUG GameScene            - Clearing game scene
09:44:33.578 [JavaFX Application Thread] DEBUG GameWorld            - Clearing game world
09:44:33.578 [JavaFX Application Thread] DEBUG PhysicsWorld         - Clearing physics world
09:44:33.582 [FXGL Background Thread 1 ] DEBUG FXGLApplication      - Initializing game
09:44:33.633 [FXGL Background Thread 1 ] INFO  FXGLApplication      - Game initialization took: 0.050 sec
09:44:33.896 [JavaFX Application Thread] DEBUG FXGLAssetLoaderServi - Loading from file system: file:/home/diego/Documentos/concurrente/Restaurant/cesar/restaurant-concurrente/target/classes/assets/textures/bg.png
09:44:33.993 [JavaFX Application Thread] DEBUG FXGLAssetLoaderServi - Loading from file system: file:/home/diego/Documentos/concurrente/Restaurant/cesar/restaurant-concurrente/target/classes/assets/textures/mesa.png
09:44:34.033 [JavaFX Application Thread] DEBUG FXGLAssetLoaderServi - Loading from file system: file:/home/diego/Documentos/concurrente/Restaurant/cesar/restaurant-concurrente/target/classes/assets/textures/chef.png
09:44:34.056 [JavaFX Application Thread] DEBUG Input                - Clearing active input actions
09:44:34.080 [JavaFX Application Thread] DEBUG GameApplicationServi - Removing overlay from FXGLLoadingScene and adding to GameScene
09:44:34.081 [JavaFX Application Thread] DEBUG PrimaryStageWindow   - FXGLLoadingScene -> GameScene
09:44:34.633 [JavaFX Application Thread] DEBUG FXGLAssetLoaderServi - Loading from file system: file:/home/diego/Documentos/concurrente/Restaurant/cesar/restaurant-concurrente/target/classes/assets/textures/comensal_cola.png
09:44:34.678 [JavaFX Application Thread] DEBUG FXGLAssetLoaderServi - Loading from file system: file:/home/diego/Documentos/concurrente/Restaurant/cesar/restaurant-concurrente/target/classes/assets/textures/comensal_sentado.png
09:44:34.776 [JavaFX Application Thread] DEBUG FXGLAssetLoaderServi - Loading from file system: file:/home/diego/Documentos/concurrente/Restaurant/cesar/restaurant-concurrente/target/classes/assets/textures/chef_cooking.png
09:44:34.813 [FXGL Background Thread 2 ] INFO  UpdaterService       - Your current version:  17
09:44:34.821 [FXGL Background Thread 2 ] INFO  UpdaterService       - Latest stable version: 21.1
09:44:36.332 [FXGL Background Thread 3 ] DEBUG Engine               - Logging environment variables
09:44:36.333 [FXGL Background Thread 3 ] DEBUG Engine               - achievements: []
09:44:36.333 [FXGL Background Thread 3 ] DEBUG Engine               - actualHeight: 600.0
09:44:36.333 [FXGL Background Thread 3 ] DEBUG Engine               - actualHeightProperty: ReadOnlyDoubleProperty [value: 595.0]
09:44:36.334 [FXGL Background Thread 3 ] DEBUG Engine               - actualWidth: 800.0
09:44:36.334 [FXGL Background Thread 3 ] DEBUG Engine               - actualWidthProperty: ReadOnlyDoubleProperty [value: 800.0]
09:44:36.334 [FXGL Background Thread 3 ] DEBUG Engine               - appIcon: fxgl_icon.png
09:44:36.334 [FXGL Background Thread 3 ] DEBUG Engine               - applicationMode: DEVELOPER
09:44:36.334 [FXGL Background Thread 3 ] DEBUG Engine               - cSSList: [fxgl_dark.css]
09:44:36.334 [FXGL Background Thread 3 ] DEBUG Engine               - collisionDetectionStrategy: BRUTE_FORCE
09:44:36.335 [FXGL Background Thread 3 ] DEBUG Engine               - configClass: Optional.empty
09:44:36.335 [FXGL Background Thread 3 ] DEBUG Engine               - credits: []
09:44:36.336 [FXGL Background Thread 3 ] DEBUG Engine               - defaultCursor: CursorInfo(imageName=fxgl_default_cursor.png, hotspotX=7.0, hotspotY=6.0)
09:44:36.336 [FXGL Background Thread 3 ] DEBUG Engine               - devBBoxColorProperty: ObjectProperty [value: 0xff0000ff]
09:44:36.337 [FXGL Background Thread 3 ] DEBUG Engine               - devEnableDebugCameraProperty: BooleanProperty [value: false]
09:44:36.337 [FXGL Background Thread 3 ] DEBUG Engine               - devSensorColorProperty: ObjectProperty [value: 0xffff00ff]
09:44:36.337 [FXGL Background Thread 3 ] DEBUG Engine               - devShowBBoxProperty: BooleanProperty [value: false]
09:44:36.337 [FXGL Background Thread 3 ] DEBUG Engine               - devShowPositionProperty: BooleanProperty [value: false]
09:44:36.338 [FXGL Background Thread 3 ] DEBUG Engine               - enabledMenuItems: []
09:44:36.338 [FXGL Background Thread 3 ] DEBUG Engine               - engineServices: [class com.almasb.fxgl.app.services.FXGLAssetLoaderService, class com.almasb.fxgl.app.FXGLApplication$GameApplicationService, class com.almasb.fxgl.app.services.FXGLDialogService, class com.almasb.fxgl.app.services.IOTaskExecutorService, class com.almasb.fxgl.io.FileSystemService, class com.almasb.fxgl.localization.LocalizationService, class com.almasb.fxgl.app.services.SystemBundleService, class com.almasb.fxgl.profile.SaveLoadService, class com.almasb.fxgl.ui.FXGLUIFactoryServiceProvider, class com.almasb.fxgl.ui.FXGLDialogFactoryServiceProvider, class com.almasb.fxgl.audio.AudioPlayer, class com.almasb.fxgl.notification.impl.NotificationServiceProvider, class com.almasb.fxgl.achievement.AchievementService, class com.almasb.fxgl.cutscene.CutsceneService, class com.almasb.fxgl.minigames.MiniGameService, class com.almasb.fxgl.net.NetService, class com.almasb.fxgl.app.services.UpdaterService, class com.almasb.fxgl.dev.DevService]
09:44:36.338 [FXGL Background Thread 3 ] DEBUG Engine               - fontGame: Abel-Regular.ttf
09:44:36.338 [FXGL Background Thread 3 ] DEBUG Engine               - fontMono: TerminalLandMono-Regular.otf
09:44:36.338 [FXGL Background Thread 3 ] DEBUG Engine               - fontText: Courier-Prime.ttf
09:44:36.338 [FXGL Background Thread 3 ] DEBUG Engine               - fontUI: VarelaRound-Regular.ttf
09:44:36.339 [FXGL Background Thread 3 ] DEBUG Engine               - fullScreen: BooleanProperty [value: false]
09:44:36.339 [FXGL Background Thread 3 ] DEBUG Engine               - gameDifficulty: MEDIUM
09:44:36.339 [FXGL Background Thread 3 ] DEBUG Engine               - gameDifficultyProperty: ObjectProperty [value: MEDIUM]
09:44:36.339 [FXGL Background Thread 3 ] DEBUG Engine               - globalMusicVolume: 0.5
09:44:36.339 [FXGL Background Thread 3 ] DEBUG Engine               - globalMusicVolumeProperty: DoubleProperty [value: 0.5]
09:44:36.340 [FXGL Background Thread 3 ] DEBUG Engine               - globalSoundVolume: 0.5
09:44:36.340 [FXGL Background Thread 3 ] DEBUG Engine               - globalSoundVolumeProperty: DoubleProperty [value: 0.5]
09:44:36.340 [FXGL Background Thread 3 ] DEBUG Engine               - height: 600
09:44:36.340 [FXGL Background Thread 3 ] DEBUG Engine               - is3D: false
09:44:36.340 [FXGL Background Thread 3 ] DEBUG Engine               - isAndroid: false
09:44:36.341 [FXGL Background Thread 3 ] DEBUG Engine               - isBrowser: false
09:44:36.341 [FXGL Background Thread 3 ] DEBUG Engine               - isClickFeedbackEnabled: false
09:44:36.341 [FXGL Background Thread 3 ] DEBUG Engine               - isCloseConfirmation: false
09:44:36.341 [FXGL Background Thread 3 ] DEBUG Engine               - isDesktop: true
09:44:36.342 [FXGL Background Thread 3 ] DEBUG Engine               - isDeveloperMenuEnabled: false
09:44:36.342 [FXGL Background Thread 3 ] DEBUG Engine               - isEmbedded: false
09:44:36.342 [FXGL Background Thread 3 ] DEBUG Engine               - isEntityPreloadEnabled: true
09:44:36.342 [FXGL Background Thread 3 ] DEBUG Engine               - isExperimentalTiledLargeMap: false
09:44:36.342 [FXGL Background Thread 3 ] DEBUG Engine               - isFileSystemWriteAllowed: true
09:44:36.342 [FXGL Background Thread 3 ] DEBUG Engine               - isFullScreenAllowed: false
09:44:36.343 [FXGL Background Thread 3 ] DEBUG Engine               - isFullScreenFromStart: false
09:44:36.343 [FXGL Background Thread 3 ] DEBUG Engine               - isGameMenuEnabled: true
09:44:36.343 [FXGL Background Thread 3 ] DEBUG Engine               - isIOS: false
09:44:36.343 [FXGL Background Thread 3 ] DEBUG Engine               - isIntroEnabled: false
09:44:36.343 [FXGL Background Thread 3 ] DEBUG Engine               - isLinux: true
09:44:36.343 [FXGL Background Thread 3 ] DEBUG Engine               - isMac: false
09:44:36.344 [FXGL Background Thread 3 ] DEBUG Engine               - isMainMenuEnabled: false
09:44:36.344 [FXGL Background Thread 3 ] DEBUG Engine               - isManualResizeEnabled: false
09:44:36.344 [FXGL Background Thread 3 ] DEBUG Engine               - isMobile: false
09:44:36.344 [FXGL Background Thread 3 ] DEBUG Engine               - isNative: false
09:44:36.344 [FXGL Background Thread 3 ] DEBUG Engine               - isPauseMusicWhenMinimized: true
09:44:36.345 [FXGL Background Thread 3 ] DEBUG Engine               - isPreserveResizeRatio: false
09:44:36.345 [FXGL Background Thread 3 ] DEBUG Engine               - isProfilingEnabled: false
09:44:36.345 [FXGL Background Thread 3 ] DEBUG Engine               - isScaleAffectedOnResize: true
09:44:36.345 [FXGL Background Thread 3 ] DEBUG Engine               - isSingleStep: false
09:44:36.345 [FXGL Background Thread 3 ] DEBUG Engine               - isUserProfileEnabled: false
09:44:36.345 [FXGL Background Thread 3 ] DEBUG Engine               - isWindows: false
09:44:36.346 [FXGL Background Thread 3 ] DEBUG Engine               - language: ObjectProperty [value: ENGLISH]
09:44:36.346 [FXGL Background Thread 3 ] DEBUG Engine               - menuKey: ESCAPE
09:44:36.346 [FXGL Background Thread 3 ] DEBUG Engine               - mouseSensitivity: 0.2
09:44:36.346 [FXGL Background Thread 3 ] DEBUG Engine               - notificationViewClass: class com.almasb.fxgl.notification.view.XboxNotificationView
09:44:36.346 [FXGL Background Thread 3 ] DEBUG Engine               - pixelsPerMeter: 50.0
09:44:36.346 [FXGL Background Thread 3 ] DEBUG Engine               - platform: LINUX
09:44:36.347 [FXGL Background Thread 3 ] DEBUG Engine               - prefHeightProperty: ReadOnlyDoubleProperty [value: 600.0]
09:44:36.347 [FXGL Background Thread 3 ] DEBUG Engine               - prefWidthProperty: ReadOnlyDoubleProperty [value: 800.0]
09:44:36.348 [FXGL Background Thread 3 ] DEBUG Engine               - profileDir: profiles/
09:44:36.348 [FXGL Background Thread 3 ] DEBUG Engine               - profileName: StringProperty [value: DEFAULT]
09:44:36.349 [FXGL Background Thread 3 ] DEBUG Engine               - randomSeed: -1
09:44:36.350 [FXGL Background Thread 3 ] DEBUG Engine               - runtimeInfo: RuntimeInfo(platform=LINUX, version=17, build=31.12.2021 18.16)
09:44:36.350 [FXGL Background Thread 3 ] DEBUG Engine               - saveFileExt: sav
09:44:36.351 [FXGL Background Thread 3 ] DEBUG Engine               - scaledHeightProp$fxgl: DoubleProperty [bound, value: 595.0]
09:44:36.351 [FXGL Background Thread 3 ] DEBUG Engine               - scaledWidthProp$fxgl: DoubleProperty [bound, value: 800.0]
09:44:36.351 [FXGL Background Thread 3 ] DEBUG Engine               - sceneFactory: com.almasb.fxgl.app.scene.SceneFactory@4f686943
09:44:36.351 [FXGL Background Thread 3 ] DEBUG Engine               - secondsIn24h: 60
09:44:36.351 [FXGL Background Thread 3 ] DEBUG Engine               - soundMenuBack: menu/back.wav
09:44:36.352 [FXGL Background Thread 3 ] DEBUG Engine               - soundMenuPress: menu/press.wav
09:44:36.352 [FXGL Background Thread 3 ] DEBUG Engine               - soundMenuSelect: menu/select.wav
09:44:36.352 [FXGL Background Thread 3 ] DEBUG Engine               - soundNotification: core/notification.wav
09:44:36.352 [FXGL Background Thread 3 ] DEBUG Engine               - stageStyle: DECORATED
09:44:36.352 [FXGL Background Thread 3 ] DEBUG Engine               - supportedLanguages: [ENGLISH, FRENCH, GERMAN, HUNGARIAN, RUSSIAN]
09:44:36.353 [FXGL Background Thread 3 ] DEBUG Engine               - ticksPerSecond: -1
09:44:36.353 [FXGL Background Thread 3 ] DEBUG Engine               - title: Simulador de Restaurante
09:44:36.353 [FXGL Background Thread 3 ] DEBUG Engine               - urlGithub: https://github.com/AlmasB/FXGL
09:44:36.353 [FXGL Background Thread 3 ] DEBUG Engine               - urlLeaderboard: http://fxgl-top.herokuapp.com/
09:44:36.353 [FXGL Background Thread 3 ] DEBUG Engine               - urlPOM: https://raw.githubusercontent.com/AlmasB/FXGL/release/README.md
09:44:36.354 [FXGL Background Thread 3 ] DEBUG Engine               - userAppClass: class com.concurrente.restaurant.RestaurantApp
09:44:36.354 [FXGL Background Thread 3 ] DEBUG Engine               - version: 1.0
09:44:36.354 [FXGL Background Thread 3 ] DEBUG Engine               - versionCheckDays: 7
09:44:36.354 [FXGL Background Thread 3 ] DEBUG Engine               - width: 800
09:44:36.354 [FXGL Background Thread 3 ] DEBUG Engine               - Logging services
09:44:36.355 [FXGL Background Thread 3 ] DEBUG Engine               - class com.almasb.fxgl.app.services.FXGLAssetLoaderService
09:44:36.355 [FXGL Background Thread 3 ] DEBUG Engine               - class com.almasb.fxgl.app.FXGLApplication$GameApplicationService
09:44:36.355 [FXGL Background Thread 3 ] DEBUG Engine               - class com.almasb.fxgl.app.services.FXGLDialogService
09:44:36.355 [FXGL Background Thread 3 ] DEBUG Engine               - class com.almasb.fxgl.app.services.IOTaskExecutorService
09:44:36.355 [FXGL Background Thread 3 ] DEBUG Engine               - class com.almasb.fxgl.io.FileSystemService
09:44:36.355 [FXGL Background Thread 3 ] DEBUG Engine               - class com.almasb.fxgl.localization.LocalizationService
09:44:36.355 [FXGL Background Thread 3 ] DEBUG Engine               - class com.almasb.fxgl.app.services.SystemBundleService
09:44:36.356 [FXGL Background Thread 3 ] DEBUG Engine               - class com.almasb.fxgl.profile.SaveLoadService
09:44:36.356 [FXGL Background Thread 3 ] DEBUG Engine               - class com.almasb.fxgl.ui.FXGLUIFactoryServiceProvider
09:44:36.356 [FXGL Background Thread 3 ] DEBUG Engine               - class com.almasb.fxgl.ui.FXGLDialogFactoryServiceProvider
09:44:36.356 [FXGL Background Thread 3 ] DEBUG Engine               - class com.almasb.fxgl.audio.AudioPlayer
09:44:36.356 [FXGL Background Thread 3 ] DEBUG Engine               - class com.almasb.fxgl.notification.impl.NotificationServiceProvider
09:44:36.356 [FXGL Background Thread 3 ] DEBUG Engine               - class com.almasb.fxgl.achievement.AchievementService
09:44:36.356 [FXGL Background Thread 3 ] DEBUG Engine               - class com.almasb.fxgl.cutscene.CutsceneService
09:44:36.357 [FXGL Background Thread 3 ] DEBUG Engine               - class com.almasb.fxgl.minigames.MiniGameService
09:44:36.357 [FXGL Background Thread 3 ] DEBUG Engine               - class com.almasb.fxgl.net.NetService
09:44:36.357 [FXGL Background Thread 3 ] DEBUG Engine               - class com.almasb.fxgl.app.services.UpdaterService
09:44:36.357 [FXGL Background Thread 3 ] DEBUG Engine               - class com.almasb.fxgl.dev.DevService
09:44:41.648 [JavaFX Application Thread] DEBUG FXGLAssetLoaderServi - Loading from file system: file:/home/diego/Documentos/concurrente/Restaurant/cesar/restaurant-concurrente/target/classes/assets/textures/mesero.png
09:44:42.112 [JavaFX Application Thread] DEBUG FXGLAssetLoaderServi - Loading from file system: file:/home/diego/Documentos/concurrente/Restaurant/cesar/restaurant-concurrente/target/classes/assets/textures/plato.png
09:44:48.888 [JavaFX Application Thread] DEBUG FXGLApplication      - Exiting FXGL
09:44:48.889 [JavaFX Application Thread] DEBUG LoopRunner           - Stopping loop
09:44:48.889 [JavaFX Application Thread] DEBUG SystemBundleService  - Saving FXGL system data
09:44:48.898 [JavaFX Application Thread] DEBUG FileSystemAccess     - Writing to: /home/diego/Documentos/concurrente/Restaurant/cesar/restaurant-concurrente/system/fxgl.bundle
09:44:48.909 [JavaFX Application Thread] DEBUG Async                - Shutting down background threads
09:44:48.910 [JavaFX Application Thread] DEBUG PrimaryStageWindow   - Closing main window
09:44:48.916 [JavaFX Application Thread] DEBUG Logger               - Closing Logger
