09:16:38.791 [com.concurrente.restauran] DEBUG Logger               - Configured Logger
09:16:38.853 [com.concurrente.restauran] DEBUG GameApplication      - Logging settings
Title: Simulador de Restaurante
Version: 1.0
Width: 800
Height: 600
Fullscreen: false
Intro: false
Profiling: false
Single step:false
App Mode: DEVELOPER
Menu Key: ESCAPE
Stage Style: DECORATED
Scene Factory: class com.almasb.fxgl.app.scene.SceneFactory

09:16:39.707 [JavaFX Application Thread] DEBUG FXGLApplication      - Initializing FXGL
09:16:39.738 [JavaFX Application Thread] INFO  Engine               - FXGL-17 (31.12.2021 18.16) on LINUX (J:21.0.5 FX:21.0.1)
09:16:39.739 [JavaFX Application Thread] DEBUG Engine               - JRE Vendor Name: Red Hat, Inc.
09:16:39.740 [JavaFX Application Thread] DEBUG Engine               - Running on OS: Linux version 6.11.8-200.fc40.x86_64
09:16:39.741 [JavaFX Application Thread] DEBUG Engine               - Architecture: amd64
09:16:39.741 [JavaFX Application Thread] INFO  Engine               - Source code and latest versions at: https://github.com/AlmasB/FXGL
09:16:39.741 [JavaFX Application Thread] INFO  Engine               -       Ask questions and discuss at: https://github.com/AlmasB/FXGL/discussions
09:16:39.741 [JavaFX Application Thread] INFO  Engine               -              Join the FXGL chat at: https://gitter.im/AlmasB/FXGL
09:16:40.037 [JavaFX Application Thread] DEBUG PrimaryStageWindow   - Creating a JavaFX scene
09:16:40.235 [JavaFX Application Thread] DEBUG PrimaryStageWindow   - Target settings size: 800.0 x 600.0
09:16:40.235 [JavaFX Application Thread] DEBUG PrimaryStageWindow   - Scaled scene size:    800.0 x 600.0
09:16:40.236 [JavaFX Application Thread] DEBUG PrimaryStageWindow   - Scaled ratio: (1.0, 1.0)
09:16:40.238 [JavaFX Application Thread] DEBUG PrimaryStageWindow   - Set initial scene to FXGLStartupScene
09:16:40.247 [JavaFX Application Thread] DEBUG PrimaryStageWindow   - Opening main window
09:16:40.416 [JavaFX Application Thread] DEBUG PrimaryStageWindow   - Window border size: (0.0, 35.0)
09:16:40.417 [JavaFX Application Thread] DEBUG PrimaryStageWindow   - Scaled size: 800.0 x 565.0
09:16:40.417 [JavaFX Application Thread] DEBUG PrimaryStageWindow   - Scaled ratio: (1.0, 0.9416666666666667)
09:16:40.418 [JavaFX Application Thread] DEBUG PrimaryStageWindow   - Scene size: 800.0 x 600.0
09:16:40.419 [JavaFX Application Thread] DEBUG PrimaryStageWindow   - Stage size: 800.0 x 600.0
09:16:40.438 [FXGL Background Thread 1 ] DEBUG Engine               - Initializing environment variables
09:16:40.540 [FXGL Background Thread 1 ] DEBUG FXGLAssetLoaderServi - User app class for loading assets: class com.concurrente.restaurant.RestaurantApp
09:16:40.540 [FXGL Background Thread 1 ] DEBUG GameApplicationServi - Applying CSS: fxgl_dark.css
09:16:40.543 [FXGL Background Thread 1 ] DEBUG FXGLAssetLoaderServi - Loading from file system: jar:file:/home/diego/.m2/repository/com/github/almasb/fxgl/17/fxgl-17.jar!/fxglassets/ui/css/fxgl_dark.css
09:16:40.690 [FXGL Background Thread 1 ] DEBUG GameApplicationServi - Initializing application scenes
09:16:40.835 [FXGL Background Thread 1 ] DEBUG GameWorld            - Game world initialized
09:16:41.131 [FXGL Background Thread 1 ] DEBUG PhysicsWorld         - Physics world initialized: appHeight=600, physics.ppm=50.0
09:16:41.132 [FXGL Background Thread 1 ] DEBUG PhysicsWorld         - Using strategy: BRUTE_FORCE
09:16:41.147 [FXGL Background Thread 1 ] DEBUG GameScene            - Game scene initialized: 800x600
09:16:41.193 [FXGL Background Thread 1 ] DEBUG FXGL.DefaultMenu     - createMenuBodyGameMenu()
09:16:41.344 [FXGL Background Thread 1 ] DEBUG FXGL.DefaultMenu     - createOptionsMenu()
09:16:41.396 [FXGL Background Thread 1 ] DEBUG FXGLAssetLoaderServi - Loading from file system: jar:file:/home/diego/.m2/repository/com/github/almasb/fxgl/17/fxgl-17.jar!/fxglassets/textures/particles/smoke.png
09:16:41.832 [FXGL Background Thread 1 ] DEBUG FXGLAssetLoaderServi - Loading from file system: jar:file:/home/diego/.m2/repository/com/github/almasb/fxgl/17/fxgl-17.jar!/fxglassets/textures/particles/trace_horizontal.png
09:16:41.957 [FXGL Background Thread 1 ] DEBUG GameApplicationServi - Application scenes initialized
09:16:42.016 [FXGL Background Thread 1 ] DEBUG SystemBundleService  - Loading FXGL system data
09:16:42.029 [FXGL Background Thread 1 ] DEBUG FileSystemAccess     - Reading from: /home/diego/Documentos/concurrente/Restaurant/cesar/restaurant-concurrente/system/fxgl.bundle
09:16:42.054 [FXGL Background Thread 1 ] DEBUG SystemBundleService  - Bundle FXGL: {}
09:16:42.054 [FXGL Background Thread 1 ] DEBUG UpdaterService       - Checking for updates
09:16:42.063 [FXGL Background Thread 4 ] DEBUG FXGLApplication      - Loading fonts
09:16:42.064 [FXGL Background Thread 4 ] DEBUG FXGLAssetLoaderServi - Loading from file system: jar:file:/home/diego/.m2/repository/com/github/almasb/fxgl/17/fxgl-17.jar!/fxglassets/ui/fonts/VarelaRound-Regular.ttf
09:16:42.065 [FXGL Background Thread 1 ] DEBUG FXGLApplication      - Loading default localization
09:16:42.067 [FXGL Background Thread 1 ] DEBUG FXGLAssetLoaderServi - Loading from file system: jar:file:/home/diego/.m2/repository/com/github/almasb/fxgl/17/fxgl-17.jar!/fxglassets/languages/english.lang
09:16:42.085 [FXGL Background Thread 4 ] DEBUG FXGLAssetLoaderServi - Loading from file system: jar:file:/home/diego/.m2/repository/com/github/almasb/fxgl/17/fxgl-17.jar!/fxglassets/ui/fonts/Abel-Regular.ttf
09:16:42.090 [FXGL Background Thread 4 ] DEBUG FXGLAssetLoaderServi - Loading from file system: jar:file:/home/diego/.m2/repository/com/github/almasb/fxgl/17/fxgl-17.jar!/fxglassets/ui/fonts/TerminalLandMono-Regular.otf
09:16:42.095 [FXGL Background Thread 4 ] DEBUG FXGLAssetLoaderServi - Loading from file system: jar:file:/home/diego/.m2/repository/com/github/almasb/fxgl/17/fxgl-17.jar!/fxglassets/ui/fonts/Courier-Prime.ttf
09:16:42.106 [JavaFX Application Thread] DEBUG FXGLApplication      - Registering font factories with UI factory
09:16:42.118 [FXGL Background Thread 1 ] INFO  FXGLApplication      - FXGL initialization took: 1.680 sec
09:16:42.122 [JavaFX Application Thread] DEBUG FXGLAssetLoaderServi - Loading from file system: jar:file:/home/diego/.m2/repository/com/github/almasb/fxgl/17/fxgl-17.jar!/fxglassets/textures/fxgl_icon.png
09:16:42.221 [JavaFX Application Thread] DEBUG FXGLAssetLoaderServi - Loading from file system: jar:file:/home/diego/.m2/repository/com/github/almasb/fxgl/17/fxgl-17.jar!/fxglassets/textures/fxgl_default_cursor.png
09:16:42.254 [JavaFX Application Thread] DEBUG Input                - Registered new binding: Screenshot - CTRL+8
09:16:42.256 [JavaFX Application Thread] DEBUG Input                - Registered new binding: System info dump - CTRL+9
09:16:42.257 [JavaFX Application Thread] DEBUG Input                - Registered new binding: Restart - CTRL+R
09:16:42.259 [JavaFX Application Thread] DEBUG Input                - Registered new binding: Toggle Debug Camera - CTRL+7
09:16:42.270 [JavaFX Application Thread] DEBUG LoopRunner           - Starting loop
09:16:42.271 [JavaFX Application Thread] DEBUG LoopRunner           - Initializing JavaFX AnimationTimerLoop
09:16:42.279 [JavaFX Application Thread] DEBUG GameApplicationServi - Starting new game
09:16:42.281 [JavaFX Application Thread] DEBUG Input                - Clearing active input actions
09:16:42.332 [JavaFX Application Thread] DEBUG GameApplicationServi - Removing overlay from FXGLStartupScene and adding to FXGLLoadingScene
09:16:42.334 [JavaFX Application Thread] DEBUG PrimaryStageWindow   - FXGLStartupScene -> FXGLLoadingScene
09:16:42.334 [JavaFX Application Thread] DEBUG GameApplicationServi - Clearing previous game
09:16:42.335 [JavaFX Application Thread] DEBUG GameScene            - Clearing game scene
09:16:42.335 [JavaFX Application Thread] DEBUG GameWorld            - Clearing game world
09:16:42.335 [JavaFX Application Thread] DEBUG PhysicsWorld         - Clearing physics world
09:16:42.340 [FXGL Background Thread 1 ] DEBUG FXGLApplication      - Initializing game
09:16:42.373 [FXGL Background Thread 1 ] DEBUG FXGLAssetLoaderServi - Loading from file system: file:/home/diego/Documentos/concurrente/Restaurant/cesar/restaurant-concurrente/target/classes/assets/textures/mesa.png
09:16:42.543 [FXGL Background Thread 1 ] DEBUG FXGLAssetLoaderServi - Loading from file system: file:/home/diego/Documentos/concurrente/Restaurant/cesar/restaurant-concurrente/target/classes/assets/textures/chef.png
09:16:42.608 [FXGL Background Thread 1 ] INFO  FXGLApplication      - Game initialization took: 0.266 sec
09:16:42.769 [JavaFX Application Thread] DEBUG Input                - Clearing active input actions
09:16:42.821 [JavaFX Application Thread] DEBUG GameApplicationServi - Removing overlay from FXGLLoadingScene and adding to GameScene
09:16:42.822 [JavaFX Application Thread] DEBUG PrimaryStageWindow   - FXGLLoadingScene -> GameScene
09:16:43.550 [FXGL Background Thread 2 ] INFO  UpdaterService       - Your current version:  17
09:16:43.556 [FXGL Background Thread 2 ] INFO  UpdaterService       - Latest stable version: 21.1
09:16:43.594 [Thread-5                 ] DEBUG FXGLAssetLoaderServi - Loading from file system: file:/home/diego/Documentos/concurrente/Restaurant/cesar/restaurant-concurrente/target/classes/assets/textures/comensal_cola.png
09:16:45.060 [FXGL Background Thread 3 ] DEBUG Engine               - Logging environment variables
09:16:45.062 [FXGL Background Thread 3 ] DEBUG Engine               - achievements: []
09:16:45.062 [FXGL Background Thread 3 ] DEBUG Engine               - actualHeight: 603.0
09:16:45.063 [FXGL Background Thread 3 ] DEBUG Engine               - actualHeightProperty: ReadOnlyDoubleProperty [value: 603.0]
09:16:45.064 [FXGL Background Thread 3 ] DEBUG Engine               - actualWidth: 808.0
09:16:45.064 [FXGL Background Thread 3 ] DEBUG Engine               - actualWidthProperty: ReadOnlyDoubleProperty [value: 808.0]
09:16:45.065 [FXGL Background Thread 3 ] DEBUG Engine               - appIcon: fxgl_icon.png
09:16:45.065 [FXGL Background Thread 3 ] DEBUG Engine               - applicationMode: DEVELOPER
09:16:45.065 [FXGL Background Thread 3 ] DEBUG Engine               - cSSList: [fxgl_dark.css]
09:16:45.066 [FXGL Background Thread 3 ] DEBUG Engine               - collisionDetectionStrategy: BRUTE_FORCE
09:16:45.066 [FXGL Background Thread 3 ] DEBUG Engine               - configClass: Optional.empty
09:16:45.067 [FXGL Background Thread 3 ] DEBUG Engine               - credits: []
09:16:45.069 [FXGL Background Thread 3 ] DEBUG Engine               - defaultCursor: CursorInfo(imageName=fxgl_default_cursor.png, hotspotX=7.0, hotspotY=6.0)
09:16:45.070 [FXGL Background Thread 3 ] DEBUG Engine               - devBBoxColorProperty: ObjectProperty [value: 0xff0000ff]
09:16:45.070 [FXGL Background Thread 3 ] DEBUG Engine               - devEnableDebugCameraProperty: BooleanProperty [value: false]
09:16:45.071 [FXGL Background Thread 3 ] DEBUG Engine               - devSensorColorProperty: ObjectProperty [value: 0xffff00ff]
09:16:45.071 [FXGL Background Thread 3 ] DEBUG Engine               - devShowBBoxProperty: BooleanProperty [value: false]
09:16:45.071 [FXGL Background Thread 3 ] DEBUG Engine               - devShowPositionProperty: BooleanProperty [value: false]
09:16:45.071 [FXGL Background Thread 3 ] DEBUG Engine               - enabledMenuItems: []
09:16:45.072 [FXGL Background Thread 3 ] DEBUG Engine               - engineServices: [class com.almasb.fxgl.app.services.FXGLAssetLoaderService, class com.almasb.fxgl.app.FXGLApplication$GameApplicationService, class com.almasb.fxgl.app.services.FXGLDialogService, class com.almasb.fxgl.app.services.IOTaskExecutorService, class com.almasb.fxgl.io.FileSystemService, class com.almasb.fxgl.localization.LocalizationService, class com.almasb.fxgl.app.services.SystemBundleService, class com.almasb.fxgl.profile.SaveLoadService, class com.almasb.fxgl.ui.FXGLUIFactoryServiceProvider, class com.almasb.fxgl.ui.FXGLDialogFactoryServiceProvider, class com.almasb.fxgl.audio.AudioPlayer, class com.almasb.fxgl.notification.impl.NotificationServiceProvider, class com.almasb.fxgl.achievement.AchievementService, class com.almasb.fxgl.cutscene.CutsceneService, class com.almasb.fxgl.minigames.MiniGameService, class com.almasb.fxgl.net.NetService, class com.almasb.fxgl.app.services.UpdaterService, class com.almasb.fxgl.dev.DevService]
09:16:45.072 [FXGL Background Thread 3 ] DEBUG Engine               - fontGame: Abel-Regular.ttf
09:16:45.072 [FXGL Background Thread 3 ] DEBUG Engine               - fontMono: TerminalLandMono-Regular.otf
09:16:45.073 [FXGL Background Thread 3 ] DEBUG Engine               - fontText: Courier-Prime.ttf
09:16:45.073 [FXGL Background Thread 3 ] DEBUG Engine               - fontUI: VarelaRound-Regular.ttf
09:16:45.073 [FXGL Background Thread 3 ] DEBUG Engine               - fullScreen: BooleanProperty [value: false]
09:16:45.074 [FXGL Background Thread 3 ] DEBUG Engine               - gameDifficulty: MEDIUM
09:16:45.074 [FXGL Background Thread 3 ] DEBUG Engine               - gameDifficultyProperty: ObjectProperty [value: MEDIUM]
09:16:45.074 [FXGL Background Thread 3 ] DEBUG Engine               - globalMusicVolume: 0.5
09:16:45.074 [FXGL Background Thread 3 ] DEBUG Engine               - globalMusicVolumeProperty: DoubleProperty [value: 0.5]
09:16:45.075 [FXGL Background Thread 3 ] DEBUG Engine               - globalSoundVolume: 0.5
09:16:45.075 [FXGL Background Thread 3 ] DEBUG Engine               - globalSoundVolumeProperty: DoubleProperty [value: 0.5]
09:16:45.075 [FXGL Background Thread 3 ] DEBUG Engine               - height: 600
09:16:45.075 [FXGL Background Thread 3 ] DEBUG Engine               - is3D: false
09:16:45.075 [FXGL Background Thread 3 ] DEBUG Engine               - isAndroid: false
09:16:45.076 [FXGL Background Thread 3 ] DEBUG Engine               - isBrowser: false
09:16:45.076 [FXGL Background Thread 3 ] DEBUG Engine               - isClickFeedbackEnabled: false
09:16:45.076 [FXGL Background Thread 3 ] DEBUG Engine               - isCloseConfirmation: false
09:16:45.076 [FXGL Background Thread 3 ] DEBUG Engine               - isDesktop: true
09:16:45.076 [FXGL Background Thread 3 ] DEBUG Engine               - isDeveloperMenuEnabled: false
09:16:45.077 [FXGL Background Thread 3 ] DEBUG Engine               - isEmbedded: false
09:16:45.077 [FXGL Background Thread 3 ] DEBUG Engine               - isEntityPreloadEnabled: true
09:16:45.077 [FXGL Background Thread 3 ] DEBUG Engine               - isExperimentalTiledLargeMap: false
09:16:45.077 [FXGL Background Thread 3 ] DEBUG Engine               - isFileSystemWriteAllowed: true
09:16:45.077 [FXGL Background Thread 3 ] DEBUG Engine               - isFullScreenAllowed: false
09:16:45.078 [FXGL Background Thread 3 ] DEBUG Engine               - isFullScreenFromStart: false
09:16:45.078 [FXGL Background Thread 3 ] DEBUG Engine               - isGameMenuEnabled: true
09:16:45.078 [FXGL Background Thread 3 ] DEBUG Engine               - isIOS: false
09:16:45.078 [FXGL Background Thread 3 ] DEBUG Engine               - isIntroEnabled: false
09:16:45.078 [FXGL Background Thread 3 ] DEBUG Engine               - isLinux: true
09:16:45.079 [FXGL Background Thread 3 ] DEBUG Engine               - isMac: false
09:16:45.079 [FXGL Background Thread 3 ] DEBUG Engine               - isMainMenuEnabled: false
09:16:45.079 [FXGL Background Thread 3 ] DEBUG Engine               - isManualResizeEnabled: false
09:16:45.079 [FXGL Background Thread 3 ] DEBUG Engine               - isMobile: false
09:16:45.080 [FXGL Background Thread 3 ] DEBUG Engine               - isNative: false
09:16:45.080 [FXGL Background Thread 3 ] DEBUG Engine               - isPauseMusicWhenMinimized: true
09:16:45.080 [FXGL Background Thread 3 ] DEBUG Engine               - isPreserveResizeRatio: false
09:16:45.080 [FXGL Background Thread 3 ] DEBUG Engine               - isProfilingEnabled: false
09:16:45.081 [FXGL Background Thread 3 ] DEBUG Engine               - isScaleAffectedOnResize: true
09:16:45.081 [FXGL Background Thread 3 ] DEBUG Engine               - isSingleStep: false
09:16:45.081 [FXGL Background Thread 3 ] DEBUG Engine               - isUserProfileEnabled: false
09:16:45.081 [FXGL Background Thread 3 ] DEBUG Engine               - isWindows: false
09:16:45.081 [FXGL Background Thread 3 ] DEBUG Engine               - language: ObjectProperty [value: ENGLISH]
09:16:45.082 [FXGL Background Thread 3 ] DEBUG Engine               - menuKey: ESCAPE
09:16:45.082 [FXGL Background Thread 3 ] DEBUG Engine               - mouseSensitivity: 0.2
09:16:45.082 [FXGL Background Thread 3 ] DEBUG Engine               - notificationViewClass: class com.almasb.fxgl.notification.view.XboxNotificationView
09:16:45.082 [FXGL Background Thread 3 ] DEBUG Engine               - pixelsPerMeter: 50.0
09:16:45.083 [FXGL Background Thread 3 ] DEBUG Engine               - platform: LINUX
09:16:45.083 [FXGL Background Thread 3 ] DEBUG Engine               - prefHeightProperty: ReadOnlyDoubleProperty [value: 600.0]
09:16:45.083 [FXGL Background Thread 3 ] DEBUG Engine               - prefWidthProperty: ReadOnlyDoubleProperty [value: 800.0]
09:16:45.083 [FXGL Background Thread 3 ] DEBUG Engine               - profileDir: profiles/
09:16:45.084 [FXGL Background Thread 3 ] DEBUG Engine               - profileName: StringProperty [value: DEFAULT]
09:16:45.084 [FXGL Background Thread 3 ] DEBUG Engine               - randomSeed: -1
09:16:45.085 [FXGL Background Thread 3 ] DEBUG Engine               - runtimeInfo: RuntimeInfo(platform=LINUX, version=17, build=31.12.2021 18.16)
09:16:45.085 [FXGL Background Thread 3 ] DEBUG Engine               - saveFileExt: sav
09:16:45.085 [FXGL Background Thread 3 ] DEBUG Engine               - scaledHeightProp$fxgl: DoubleProperty [bound, value: 603.0]
09:16:45.086 [FXGL Background Thread 3 ] DEBUG Engine               - scaledWidthProp$fxgl: DoubleProperty [bound, value: 808.0]
09:16:45.086 [FXGL Background Thread 3 ] DEBUG Engine               - sceneFactory: com.almasb.fxgl.app.scene.SceneFactory@71da2d6c
09:16:45.086 [FXGL Background Thread 3 ] DEBUG Engine               - secondsIn24h: 60
09:16:45.086 [FXGL Background Thread 3 ] DEBUG Engine               - soundMenuBack: menu/back.wav
09:16:45.086 [FXGL Background Thread 3 ] DEBUG Engine               - soundMenuPress: menu/press.wav
09:16:45.086 [FXGL Background Thread 3 ] DEBUG Engine               - soundMenuSelect: menu/select.wav
09:16:45.087 [FXGL Background Thread 3 ] DEBUG Engine               - soundNotification: core/notification.wav
09:16:45.087 [FXGL Background Thread 3 ] DEBUG Engine               - stageStyle: DECORATED
09:16:45.087 [FXGL Background Thread 3 ] DEBUG Engine               - supportedLanguages: [ENGLISH, FRENCH, GERMAN, HUNGARIAN, RUSSIAN]
09:16:45.087 [FXGL Background Thread 3 ] DEBUG Engine               - ticksPerSecond: -1
09:16:45.087 [FXGL Background Thread 3 ] DEBUG Engine               - title: Simulador de Restaurante
09:16:45.088 [FXGL Background Thread 3 ] DEBUG Engine               - urlGithub: https://github.com/AlmasB/FXGL
09:16:45.088 [FXGL Background Thread 3 ] DEBUG Engine               - urlLeaderboard: http://fxgl-top.herokuapp.com/
09:16:45.088 [FXGL Background Thread 3 ] DEBUG Engine               - urlPOM: https://raw.githubusercontent.com/AlmasB/FXGL/release/README.md
09:16:45.088 [FXGL Background Thread 3 ] DEBUG Engine               - userAppClass: class com.concurrente.restaurant.RestaurantApp
09:16:45.089 [FXGL Background Thread 3 ] DEBUG Engine               - version: 1.0
09:16:45.089 [FXGL Background Thread 3 ] DEBUG Engine               - versionCheckDays: 7
09:16:45.089 [FXGL Background Thread 3 ] DEBUG Engine               - width: 800
09:16:45.090 [FXGL Background Thread 3 ] DEBUG Engine               - Logging services
09:16:45.090 [FXGL Background Thread 3 ] DEBUG Engine               - class com.almasb.fxgl.app.services.FXGLAssetLoaderService
09:16:45.090 [FXGL Background Thread 3 ] DEBUG Engine               - class com.almasb.fxgl.app.FXGLApplication$GameApplicationService
09:16:45.090 [FXGL Background Thread 3 ] DEBUG Engine               - class com.almasb.fxgl.app.services.FXGLDialogService
09:16:45.090 [FXGL Background Thread 3 ] DEBUG Engine               - class com.almasb.fxgl.app.services.IOTaskExecutorService
09:16:45.090 [FXGL Background Thread 3 ] DEBUG Engine               - class com.almasb.fxgl.io.FileSystemService
09:16:45.091 [FXGL Background Thread 3 ] DEBUG Engine               - class com.almasb.fxgl.localization.LocalizationService
09:16:45.091 [FXGL Background Thread 3 ] DEBUG Engine               - class com.almasb.fxgl.app.services.SystemBundleService
09:16:45.091 [FXGL Background Thread 3 ] DEBUG Engine               - class com.almasb.fxgl.profile.SaveLoadService
09:16:45.091 [FXGL Background Thread 3 ] DEBUG Engine               - class com.almasb.fxgl.ui.FXGLUIFactoryServiceProvider
09:16:45.091 [FXGL Background Thread 3 ] DEBUG Engine               - class com.almasb.fxgl.ui.FXGLDialogFactoryServiceProvider
09:16:45.091 [FXGL Background Thread 3 ] DEBUG Engine               - class com.almasb.fxgl.audio.AudioPlayer
09:16:45.092 [FXGL Background Thread 3 ] DEBUG Engine               - class com.almasb.fxgl.notification.impl.NotificationServiceProvider
09:16:45.092 [FXGL Background Thread 3 ] DEBUG Engine               - class com.almasb.fxgl.achievement.AchievementService
09:16:45.092 [FXGL Background Thread 3 ] DEBUG Engine               - class com.almasb.fxgl.cutscene.CutsceneService
09:16:45.092 [FXGL Background Thread 3 ] DEBUG Engine               - class com.almasb.fxgl.minigames.MiniGameService
09:16:45.093 [FXGL Background Thread 3 ] DEBUG Engine               - class com.almasb.fxgl.net.NetService
09:16:45.093 [FXGL Background Thread 3 ] DEBUG Engine               - class com.almasb.fxgl.app.services.UpdaterService
09:16:45.093 [FXGL Background Thread 3 ] DEBUG Engine               - class com.almasb.fxgl.dev.DevService
09:17:24.635 [JavaFX Application Thread] DEBUG FXGLApplication      - Exiting FXGL
09:17:24.636 [JavaFX Application Thread] DEBUG LoopRunner           - Stopping loop
09:17:24.637 [JavaFX Application Thread] DEBUG SystemBundleService  - Saving FXGL system data
09:17:24.644 [JavaFX Application Thread] DEBUG FileSystemAccess     - Writing to: /home/diego/Documentos/concurrente/Restaurant/cesar/restaurant-concurrente/system/fxgl.bundle
09:17:24.655 [JavaFX Application Thread] DEBUG Async                - Shutting down background threads
09:17:24.656 [JavaFX Application Thread] DEBUG PrimaryStageWindow   - Closing main window
09:17:24.662 [JavaFX Application Thread] DEBUG Logger               - Closing Logger
