10:43:26.683 [com.concurrente.restauran] DEBUG Logger               - Configured Logger
10:43:26.750 [com.concurrente.restauran] DEBUG GameApplication      - Logging settings
Title: Simulador de Restaurante
Version: 1.0
Width: 800
Height: 600
Fullscreen: false
Intro: false
Profiling: false
Single step:false
App Mode: DEVELOPER
Menu Key: ESCAPE
Stage Style: DECORATED
Scene Factory: class com.almasb.fxgl.app.scene.SceneFactory

10:43:27.490 [JavaFX Application Thread] DEBUG FXGLApplication      - Initializing FXGL
10:43:27.501 [JavaFX Application Thread] INFO  Engine               - FXGL-17 (31.12.2021 18.16) on LINUX (J:21.0.5 FX:17.0.0.1)
10:43:27.502 [JavaFX Application Thread] DEBUG Engine               - JRE Vendor Name: Red Hat, Inc.
10:43:27.503 [JavaFX Application Thread] DEBUG Engine               - Running on OS: Linux version 6.11.8-200.fc40.x86_64
10:43:27.503 [JavaFX Application Thread] DEBUG Engine               - Architecture: amd64
10:43:27.503 [JavaFX Application Thread] INFO  Engine               - Source code and latest versions at: https://github.com/AlmasB/FXGL
10:43:27.504 [JavaFX Application Thread] INFO  Engine               -       Ask questions and discuss at: https://github.com/AlmasB/FXGL/discussions
10:43:27.504 [JavaFX Application Thread] INFO  Engine               -              Join the FXGL chat at: https://gitter.im/AlmasB/FXGL
10:43:27.847 [JavaFX Application Thread] DEBUG PrimaryStageWindow   - Creating a JavaFX scene
10:43:28.101 [JavaFX Application Thread] DEBUG PrimaryStageWindow   - Target settings size: 800.0 x 600.0
10:43:28.102 [JavaFX Application Thread] DEBUG PrimaryStageWindow   - Scaled scene size:    800.0 x 600.0
10:43:28.103 [JavaFX Application Thread] DEBUG PrimaryStageWindow   - Scaled ratio: (1.0, 1.0)
10:43:28.106 [JavaFX Application Thread] DEBUG PrimaryStageWindow   - Set initial scene to FXGLStartupScene
10:43:28.135 [JavaFX Application Thread] DEBUG PrimaryStageWindow   - Opening main window
10:43:28.394 [JavaFX Application Thread] DEBUG PrimaryStageWindow   - Window border size: (8.0, 38.0)
10:43:28.395 [JavaFX Application Thread] DEBUG PrimaryStageWindow   - Scaled size: 800.0 x 600.0
10:43:28.396 [JavaFX Application Thread] DEBUG PrimaryStageWindow   - Scaled ratio: (1.0, 1.0)
10:43:28.397 [JavaFX Application Thread] DEBUG PrimaryStageWindow   - Scene size: 800.0 x 600.0
10:43:28.397 [JavaFX Application Thread] DEBUG PrimaryStageWindow   - Stage size: 808.0 x 638.0
10:43:28.419 [FXGL Background Thread 1 ] DEBUG Engine               - Initializing environment variables
10:43:28.530 [FXGL Background Thread 1 ] DEBUG FXGLAssetLoaderServi - User app class for loading assets: class com.concurrente.restaurant.RestaurantApp
10:43:28.531 [FXGL Background Thread 1 ] DEBUG GameApplicationServi - Applying CSS: fxgl_dark.css
10:43:28.534 [FXGL Background Thread 1 ] DEBUG FXGLAssetLoaderServi - Loading from file system: jar:file:/home/diego/.m2/repository/com/github/almasb/fxgl/17/fxgl-17.jar!/fxglassets/ui/css/fxgl_dark.css
10:43:28.662 [FXGL Background Thread 1 ] DEBUG GameApplicationServi - Initializing application scenes
10:43:28.790 [FXGL Background Thread 1 ] DEBUG GameWorld            - Game world initialized
10:43:29.000 [FXGL Background Thread 1 ] DEBUG PhysicsWorld         - Physics world initialized: appHeight=600, physics.ppm=50.0
10:43:29.001 [FXGL Background Thread 1 ] DEBUG PhysicsWorld         - Using strategy: BRUTE_FORCE
10:43:29.015 [FXGL Background Thread 1 ] DEBUG GameScene            - Game scene initialized: 800x600
10:43:29.058 [FXGL Background Thread 1 ] DEBUG FXGL.DefaultMenu     - createMenuBodyGameMenu()
10:43:29.104 [FXGL Background Thread 1 ] DEBUG FXGL.DefaultMenu     - createOptionsMenu()
10:43:29.138 [FXGL Background Thread 1 ] DEBUG FXGLAssetLoaderServi - Loading from file system: jar:file:/home/diego/.m2/repository/com/github/almasb/fxgl/17/fxgl-17.jar!/fxglassets/textures/particles/smoke.png
10:43:29.451 [FXGL Background Thread 1 ] DEBUG FXGLAssetLoaderServi - Loading from file system: jar:file:/home/diego/.m2/repository/com/github/almasb/fxgl/17/fxgl-17.jar!/fxglassets/textures/particles/trace_horizontal.png
10:43:29.526 [FXGL Background Thread 1 ] DEBUG GameApplicationServi - Application scenes initialized
10:43:29.568 [FXGL Background Thread 1 ] DEBUG SystemBundleService  - Loading FXGL system data
10:43:29.578 [FXGL Background Thread 1 ] DEBUG FileSystemAccess     - Reading from: /home/diego/Documentos/concurrente/Restaurant/cesar/restaurant-concurrente/system/fxgl.bundle
10:43:29.601 [FXGL Background Thread 1 ] DEBUG SystemBundleService  - Bundle FXGL: {}
10:43:29.601 [FXGL Background Thread 1 ] DEBUG UpdaterService       - Checking for updates
10:43:29.613 [FXGL Background Thread 4 ] DEBUG FXGLApplication      - Loading fonts
10:43:29.615 [FXGL Background Thread 1 ] DEBUG FXGLApplication      - Loading default localization
10:43:29.616 [FXGL Background Thread 1 ] DEBUG FXGLAssetLoaderServi - Loading from file system: jar:file:/home/diego/.m2/repository/com/github/almasb/fxgl/17/fxgl-17.jar!/fxglassets/languages/english.lang
10:43:29.618 [FXGL Background Thread 4 ] DEBUG FXGLAssetLoaderServi - Loading from file system: jar:file:/home/diego/.m2/repository/com/github/almasb/fxgl/17/fxgl-17.jar!/fxglassets/ui/fonts/VarelaRound-Regular.ttf
10:43:29.638 [FXGL Background Thread 4 ] DEBUG FXGLAssetLoaderServi - Loading from file system: jar:file:/home/diego/.m2/repository/com/github/almasb/fxgl/17/fxgl-17.jar!/fxglassets/ui/fonts/Abel-Regular.ttf
10:43:29.642 [FXGL Background Thread 4 ] DEBUG FXGLAssetLoaderServi - Loading from file system: jar:file:/home/diego/.m2/repository/com/github/almasb/fxgl/17/fxgl-17.jar!/fxglassets/ui/fonts/TerminalLandMono-Regular.otf
10:43:29.649 [FXGL Background Thread 4 ] DEBUG FXGLAssetLoaderServi - Loading from file system: jar:file:/home/diego/.m2/repository/com/github/almasb/fxgl/17/fxgl-17.jar!/fxglassets/ui/fonts/Courier-Prime.ttf
10:43:29.660 [JavaFX Application Thread] DEBUG FXGLApplication      - Registering font factories with UI factory
10:43:29.667 [FXGL Background Thread 1 ] INFO  FXGLApplication      - FXGL initialization took: 1.247 sec
10:43:29.672 [JavaFX Application Thread] DEBUG FXGLAssetLoaderServi - Loading from file system: jar:file:/home/diego/.m2/repository/com/github/almasb/fxgl/17/fxgl-17.jar!/fxglassets/textures/fxgl_icon.png
10:43:29.746 [JavaFX Application Thread] DEBUG FXGLAssetLoaderServi - Loading from file system: jar:file:/home/diego/.m2/repository/com/github/almasb/fxgl/17/fxgl-17.jar!/fxglassets/textures/fxgl_default_cursor.png
10:43:29.772 [JavaFX Application Thread] DEBUG Input                - Registered new binding: Screenshot - CTRL+8
10:43:29.774 [JavaFX Application Thread] DEBUG Input                - Registered new binding: System info dump - CTRL+9
10:43:29.775 [JavaFX Application Thread] DEBUG Input                - Registered new binding: Restart - CTRL+R
10:43:29.777 [JavaFX Application Thread] DEBUG Input                - Registered new binding: Toggle Debug Camera - CTRL+7
10:43:29.784 [JavaFX Application Thread] DEBUG LoopRunner           - Starting loop
10:43:29.785 [JavaFX Application Thread] DEBUG LoopRunner           - Initializing JavaFX AnimationTimerLoop
10:43:29.788 [JavaFX Application Thread] DEBUG GameApplicationServi - Starting new game
10:43:29.790 [JavaFX Application Thread] DEBUG Input                - Clearing active input actions
10:43:29.830 [JavaFX Application Thread] DEBUG GameApplicationServi - Removing overlay from FXGLStartupScene and adding to FXGLLoadingScene
10:43:29.832 [JavaFX Application Thread] DEBUG PrimaryStageWindow   - FXGLStartupScene -> FXGLLoadingScene
10:43:29.832 [JavaFX Application Thread] DEBUG GameApplicationServi - Clearing previous game
10:43:29.832 [JavaFX Application Thread] DEBUG GameScene            - Clearing game scene
10:43:29.833 [JavaFX Application Thread] DEBUG GameWorld            - Clearing game world
10:43:29.833 [JavaFX Application Thread] DEBUG PhysicsWorld         - Clearing physics world
10:43:29.838 [FXGL Background Thread 1 ] DEBUG FXGLApplication      - Initializing game
10:43:29.885 [FXGL Background Thread 1 ] INFO  FXGLApplication      - Game initialization took: 0.048 sec
10:43:30.102 [JavaFX Application Thread] DEBUG FXGLAssetLoaderServi - Loading from file system: file:/home/diego/Documentos/concurrente/Restaurant/cesar/restaurant-concurrente/target/classes/assets/textures/bg.png
10:43:30.184 [JavaFX Application Thread] DEBUG FXGLAssetLoaderServi - Loading from file system: file:/home/diego/Documentos/concurrente/Restaurant/cesar/restaurant-concurrente/target/classes/assets/textures/mesa.png
10:43:30.238 [JavaFX Application Thread] DEBUG FXGLAssetLoaderServi - Loading from file system: file:/home/diego/Documentos/concurrente/Restaurant/cesar/restaurant-concurrente/target/classes/assets/textures/chef.png
10:43:30.264 [JavaFX Application Thread] DEBUG Input                - Clearing active input actions
10:43:30.291 [JavaFX Application Thread] DEBUG GameApplicationServi - Removing overlay from FXGLLoadingScene and adding to GameScene
10:43:30.292 [JavaFX Application Thread] DEBUG PrimaryStageWindow   - FXGLLoadingScene -> GameScene
10:43:30.888 [JavaFX Application Thread] DEBUG FXGLAssetLoaderServi - Loading from file system: file:/home/diego/Documentos/concurrente/Restaurant/cesar/restaurant-concurrente/target/classes/assets/textures/comensal_cola.png
10:43:30.931 [JavaFX Application Thread] DEBUG FXGLAssetLoaderServi - Loading from file system: file:/home/diego/Documentos/concurrente/Restaurant/cesar/restaurant-concurrente/target/classes/assets/textures/comensal_sentado.png
10:43:31.017 [JavaFX Application Thread] DEBUG FXGLAssetLoaderServi - Loading from file system: file:/home/diego/Documentos/concurrente/Restaurant/cesar/restaurant-concurrente/target/classes/assets/textures/chef_cooking.png
10:43:31.074 [FXGL Background Thread 2 ] INFO  UpdaterService       - Your current version:  17
10:43:31.075 [FXGL Background Thread 2 ] INFO  UpdaterService       - Latest stable version: 21.1
10:43:32.609 [FXGL Background Thread 3 ] DEBUG Engine               - Logging environment variables
10:43:32.611 [FXGL Background Thread 3 ] DEBUG Engine               - achievements: []
10:43:32.611 [FXGL Background Thread 3 ] DEBUG Engine               - actualHeight: 600.0
10:43:32.612 [FXGL Background Thread 3 ] DEBUG Engine               - actualHeightProperty: ReadOnlyDoubleProperty [value: 600.0]
10:43:32.612 [FXGL Background Thread 3 ] DEBUG Engine               - actualWidth: 800.0
10:43:32.612 [FXGL Background Thread 3 ] DEBUG Engine               - actualWidthProperty: ReadOnlyDoubleProperty [value: 800.0]
10:43:32.613 [FXGL Background Thread 3 ] DEBUG Engine               - appIcon: fxgl_icon.png
10:43:32.613 [FXGL Background Thread 3 ] DEBUG Engine               - applicationMode: DEVELOPER
10:43:32.613 [FXGL Background Thread 3 ] DEBUG Engine               - cSSList: [fxgl_dark.css]
10:43:32.614 [FXGL Background Thread 3 ] DEBUG Engine               - collisionDetectionStrategy: BRUTE_FORCE
10:43:32.614 [FXGL Background Thread 3 ] DEBUG Engine               - configClass: Optional.empty
10:43:32.614 [FXGL Background Thread 3 ] DEBUG Engine               - credits: []
10:43:32.616 [FXGL Background Thread 3 ] DEBUG Engine               - defaultCursor: CursorInfo(imageName=fxgl_default_cursor.png, hotspotX=7.0, hotspotY=6.0)
10:43:32.617 [FXGL Background Thread 3 ] DEBUG Engine               - devBBoxColorProperty: ObjectProperty [value: 0xff0000ff]
10:43:32.618 [FXGL Background Thread 3 ] DEBUG Engine               - devEnableDebugCameraProperty: BooleanProperty [value: false]
10:43:32.618 [FXGL Background Thread 3 ] DEBUG Engine               - devSensorColorProperty: ObjectProperty [value: 0xffff00ff]
10:43:32.619 [FXGL Background Thread 3 ] DEBUG Engine               - devShowBBoxProperty: BooleanProperty [value: false]
10:43:32.619 [FXGL Background Thread 3 ] DEBUG Engine               - devShowPositionProperty: BooleanProperty [value: false]
10:43:32.619 [FXGL Background Thread 3 ] DEBUG Engine               - enabledMenuItems: []
10:43:32.620 [FXGL Background Thread 3 ] DEBUG Engine               - engineServices: [class com.almasb.fxgl.app.services.FXGLAssetLoaderService, class com.almasb.fxgl.app.FXGLApplication$GameApplicationService, class com.almasb.fxgl.app.services.FXGLDialogService, class com.almasb.fxgl.app.services.IOTaskExecutorService, class com.almasb.fxgl.io.FileSystemService, class com.almasb.fxgl.localization.LocalizationService, class com.almasb.fxgl.app.services.SystemBundleService, class com.almasb.fxgl.profile.SaveLoadService, class com.almasb.fxgl.ui.FXGLUIFactoryServiceProvider, class com.almasb.fxgl.ui.FXGLDialogFactoryServiceProvider, class com.almasb.fxgl.audio.AudioPlayer, class com.almasb.fxgl.notification.impl.NotificationServiceProvider, class com.almasb.fxgl.achievement.AchievementService, class com.almasb.fxgl.cutscene.CutsceneService, class com.almasb.fxgl.minigames.MiniGameService, class com.almasb.fxgl.net.NetService, class com.almasb.fxgl.app.services.UpdaterService, class com.almasb.fxgl.dev.DevService]
10:43:32.620 [FXGL Background Thread 3 ] DEBUG Engine               - fontGame: Abel-Regular.ttf
10:43:32.620 [FXGL Background Thread 3 ] DEBUG Engine               - fontMono: TerminalLandMono-Regular.otf
10:43:32.621 [FXGL Background Thread 3 ] DEBUG Engine               - fontText: Courier-Prime.ttf
10:43:32.621 [FXGL Background Thread 3 ] DEBUG Engine               - fontUI: VarelaRound-Regular.ttf
10:43:32.621 [FXGL Background Thread 3 ] DEBUG Engine               - fullScreen: BooleanProperty [value: false]
10:43:32.622 [FXGL Background Thread 3 ] DEBUG Engine               - gameDifficulty: MEDIUM
10:43:32.622 [FXGL Background Thread 3 ] DEBUG Engine               - gameDifficultyProperty: ObjectProperty [value: MEDIUM]
10:43:32.622 [FXGL Background Thread 3 ] DEBUG Engine               - globalMusicVolume: 0.5
10:43:32.623 [FXGL Background Thread 3 ] DEBUG Engine               - globalMusicVolumeProperty: DoubleProperty [value: 0.5]
10:43:32.623 [FXGL Background Thread 3 ] DEBUG Engine               - globalSoundVolume: 0.5
10:43:32.624 [FXGL Background Thread 3 ] DEBUG Engine               - globalSoundVolumeProperty: DoubleProperty [value: 0.5]
10:43:32.624 [FXGL Background Thread 3 ] DEBUG Engine               - height: 600
10:43:32.625 [FXGL Background Thread 3 ] DEBUG Engine               - is3D: false
10:43:32.625 [FXGL Background Thread 3 ] DEBUG Engine               - isAndroid: false
10:43:32.625 [FXGL Background Thread 3 ] DEBUG Engine               - isBrowser: false
10:43:32.626 [FXGL Background Thread 3 ] DEBUG Engine               - isClickFeedbackEnabled: false
10:43:32.626 [FXGL Background Thread 3 ] DEBUG Engine               - isCloseConfirmation: false
10:43:32.626 [FXGL Background Thread 3 ] DEBUG Engine               - isDesktop: true
10:43:32.626 [FXGL Background Thread 3 ] DEBUG Engine               - isDeveloperMenuEnabled: false
10:43:32.627 [FXGL Background Thread 3 ] DEBUG Engine               - isEmbedded: false
10:43:32.627 [FXGL Background Thread 3 ] DEBUG Engine               - isEntityPreloadEnabled: true
10:43:32.627 [FXGL Background Thread 3 ] DEBUG Engine               - isExperimentalTiledLargeMap: false
10:43:32.628 [FXGL Background Thread 3 ] DEBUG Engine               - isFileSystemWriteAllowed: true
10:43:32.629 [FXGL Background Thread 3 ] DEBUG Engine               - isFullScreenAllowed: false
10:43:32.629 [FXGL Background Thread 3 ] DEBUG Engine               - isFullScreenFromStart: false
10:43:32.629 [FXGL Background Thread 3 ] DEBUG Engine               - isGameMenuEnabled: true
10:43:32.630 [FXGL Background Thread 3 ] DEBUG Engine               - isIOS: false
10:43:32.630 [FXGL Background Thread 3 ] DEBUG Engine               - isIntroEnabled: false
10:43:32.630 [FXGL Background Thread 3 ] DEBUG Engine               - isLinux: true
10:43:32.631 [FXGL Background Thread 3 ] DEBUG Engine               - isMac: false
10:43:32.631 [FXGL Background Thread 3 ] DEBUG Engine               - isMainMenuEnabled: false
10:43:32.632 [FXGL Background Thread 3 ] DEBUG Engine               - isManualResizeEnabled: false
10:43:32.632 [FXGL Background Thread 3 ] DEBUG Engine               - isMobile: false
10:43:32.633 [FXGL Background Thread 3 ] DEBUG Engine               - isNative: false
10:43:32.633 [FXGL Background Thread 3 ] DEBUG Engine               - isPauseMusicWhenMinimized: true
10:43:32.633 [FXGL Background Thread 3 ] DEBUG Engine               - isPreserveResizeRatio: false
10:43:32.634 [FXGL Background Thread 3 ] DEBUG Engine               - isProfilingEnabled: false
10:43:32.634 [FXGL Background Thread 3 ] DEBUG Engine               - isScaleAffectedOnResize: true
10:43:32.634 [FXGL Background Thread 3 ] DEBUG Engine               - isSingleStep: false
10:43:32.635 [FXGL Background Thread 3 ] DEBUG Engine               - isUserProfileEnabled: false
10:43:32.635 [FXGL Background Thread 3 ] DEBUG Engine               - isWindows: false
10:43:32.635 [FXGL Background Thread 3 ] DEBUG Engine               - language: ObjectProperty [value: ENGLISH]
10:43:32.636 [FXGL Background Thread 3 ] DEBUG Engine               - menuKey: ESCAPE
10:43:32.636 [FXGL Background Thread 3 ] DEBUG Engine               - mouseSensitivity: 0.2
10:43:32.636 [FXGL Background Thread 3 ] DEBUG Engine               - notificationViewClass: class com.almasb.fxgl.notification.view.XboxNotificationView
10:43:32.637 [FXGL Background Thread 3 ] DEBUG Engine               - pixelsPerMeter: 50.0
10:43:32.637 [FXGL Background Thread 3 ] DEBUG Engine               - platform: LINUX
10:43:32.637 [FXGL Background Thread 3 ] DEBUG Engine               - prefHeightProperty: ReadOnlyDoubleProperty [value: 600.0]
10:43:32.638 [FXGL Background Thread 3 ] DEBUG Engine               - prefWidthProperty: ReadOnlyDoubleProperty [value: 800.0]
10:43:32.638 [FXGL Background Thread 3 ] DEBUG Engine               - profileDir: profiles/
10:43:32.638 [FXGL Background Thread 3 ] DEBUG Engine               - profileName: StringProperty [value: DEFAULT]
10:43:32.639 [FXGL Background Thread 3 ] DEBUG Engine               - randomSeed: -1
10:43:32.640 [FXGL Background Thread 3 ] DEBUG Engine               - runtimeInfo: RuntimeInfo(platform=LINUX, version=17, build=31.12.2021 18.16)
10:43:32.641 [FXGL Background Thread 3 ] DEBUG Engine               - saveFileExt: sav
10:43:32.641 [FXGL Background Thread 3 ] DEBUG Engine               - scaledHeightProp$fxgl: DoubleProperty [bound, value: 600.0]
10:43:32.642 [FXGL Background Thread 3 ] DEBUG Engine               - scaledWidthProp$fxgl: DoubleProperty [bound, value: 800.0]
10:43:32.642 [FXGL Background Thread 3 ] DEBUG Engine               - sceneFactory: com.almasb.fxgl.app.scene.SceneFactory@64dcf3f1
10:43:32.642 [FXGL Background Thread 3 ] DEBUG Engine               - secondsIn24h: 60
10:43:32.643 [FXGL Background Thread 3 ] DEBUG Engine               - soundMenuBack: menu/back.wav
10:43:32.643 [FXGL Background Thread 3 ] DEBUG Engine               - soundMenuPress: menu/press.wav
10:43:32.643 [FXGL Background Thread 3 ] DEBUG Engine               - soundMenuSelect: menu/select.wav
10:43:32.644 [FXGL Background Thread 3 ] DEBUG Engine               - soundNotification: core/notification.wav
10:43:32.644 [FXGL Background Thread 3 ] DEBUG Engine               - stageStyle: DECORATED
10:43:32.644 [FXGL Background Thread 3 ] DEBUG Engine               - supportedLanguages: [ENGLISH, FRENCH, GERMAN, HUNGARIAN, RUSSIAN]
10:43:32.645 [FXGL Background Thread 3 ] DEBUG Engine               - ticksPerSecond: -1
10:43:32.645 [FXGL Background Thread 3 ] DEBUG Engine               - title: Simulador de Restaurante
10:43:32.645 [FXGL Background Thread 3 ] DEBUG Engine               - urlGithub: https://github.com/AlmasB/FXGL
10:43:32.645 [FXGL Background Thread 3 ] DEBUG Engine               - urlLeaderboard: http://fxgl-top.herokuapp.com/
10:43:32.646 [FXGL Background Thread 3 ] DEBUG Engine               - urlPOM: https://raw.githubusercontent.com/AlmasB/FXGL/release/README.md
10:43:32.646 [FXGL Background Thread 3 ] DEBUG Engine               - userAppClass: class com.concurrente.restaurant.RestaurantApp
10:43:32.646 [FXGL Background Thread 3 ] DEBUG Engine               - version: 1.0
10:43:32.647 [FXGL Background Thread 3 ] DEBUG Engine               - versionCheckDays: 7
10:43:32.647 [FXGL Background Thread 3 ] DEBUG Engine               - width: 800
10:43:32.647 [FXGL Background Thread 3 ] DEBUG Engine               - Logging services
10:43:32.648 [FXGL Background Thread 3 ] DEBUG Engine               - class com.almasb.fxgl.app.services.FXGLAssetLoaderService
10:43:32.648 [FXGL Background Thread 3 ] DEBUG Engine               - class com.almasb.fxgl.app.FXGLApplication$GameApplicationService
10:43:32.649 [FXGL Background Thread 3 ] DEBUG Engine               - class com.almasb.fxgl.app.services.FXGLDialogService
10:43:32.649 [FXGL Background Thread 3 ] DEBUG Engine               - class com.almasb.fxgl.app.services.IOTaskExecutorService
10:43:32.649 [FXGL Background Thread 3 ] DEBUG Engine               - class com.almasb.fxgl.io.FileSystemService
10:43:32.650 [FXGL Background Thread 3 ] DEBUG Engine               - class com.almasb.fxgl.localization.LocalizationService
10:43:32.650 [FXGL Background Thread 3 ] DEBUG Engine               - class com.almasb.fxgl.app.services.SystemBundleService
10:43:32.650 [FXGL Background Thread 3 ] DEBUG Engine               - class com.almasb.fxgl.profile.SaveLoadService
10:43:32.650 [FXGL Background Thread 3 ] DEBUG Engine               - class com.almasb.fxgl.ui.FXGLUIFactoryServiceProvider
10:43:32.650 [FXGL Background Thread 3 ] DEBUG Engine               - class com.almasb.fxgl.ui.FXGLDialogFactoryServiceProvider
10:43:32.651 [FXGL Background Thread 3 ] DEBUG Engine               - class com.almasb.fxgl.audio.AudioPlayer
10:43:32.651 [FXGL Background Thread 3 ] DEBUG Engine               - class com.almasb.fxgl.notification.impl.NotificationServiceProvider
10:43:32.651 [FXGL Background Thread 3 ] DEBUG Engine               - class com.almasb.fxgl.achievement.AchievementService
10:43:32.651 [FXGL Background Thread 3 ] DEBUG Engine               - class com.almasb.fxgl.cutscene.CutsceneService
10:43:32.652 [FXGL Background Thread 3 ] DEBUG Engine               - class com.almasb.fxgl.minigames.MiniGameService
10:43:32.652 [FXGL Background Thread 3 ] DEBUG Engine               - class com.almasb.fxgl.net.NetService
10:43:32.652 [FXGL Background Thread 3 ] DEBUG Engine               - class com.almasb.fxgl.app.services.UpdaterService
10:43:32.653 [FXGL Background Thread 3 ] DEBUG Engine               - class com.almasb.fxgl.dev.DevService
10:43:37.897 [JavaFX Application Thread] DEBUG FXGLAssetLoaderServi - Loading from file system: file:/home/diego/Documentos/concurrente/Restaurant/cesar/restaurant-concurrente/target/classes/assets/textures/mesero.png
10:43:40.256 [JavaFX Application Thread] DEBUG FXGLAssetLoaderServi - Loading from file system: file:/home/diego/Documentos/concurrente/Restaurant/cesar/restaurant-concurrente/target/classes/assets/textures/plato.png
10:43:49.305 [JavaFX Application Thread] DEBUG FXGLApplication      - Exiting FXGL
10:43:49.306 [JavaFX Application Thread] DEBUG LoopRunner           - Stopping loop
10:43:49.306 [JavaFX Application Thread] DEBUG SystemBundleService  - Saving FXGL system data
10:43:49.314 [JavaFX Application Thread] DEBUG FileSystemAccess     - Writing to: /home/diego/Documentos/concurrente/Restaurant/cesar/restaurant-concurrente/system/fxgl.bundle
10:43:49.324 [JavaFX Application Thread] DEBUG Async                - Shutting down background threads
10:43:49.324 [JavaFX Application Thread] DEBUG PrimaryStageWindow   - Closing main window
10:43:49.330 [JavaFX Application Thread] DEBUG Logger               - Closing Logger
